Set parameter GURO_PAR_SPECIAL
Set parameter TokenServer to value "engaging-license-001"

--------------------------------------------
Warning: your license will expire in 8 days
--------------------------------------------

Set parameter TimeLimit to value 3600
Set parameter IntegralityFocus to value 1
Set parameter IntegralityFocus to value 1
Set parameter TimeLimit to value 3600
Gurobi Optimizer version 9.5.1 build v9.5.1rc2 (linux64)
Thread count: 28 physical cores, 28 logical processors, using up to 28 threads
Optimize a model with 117833 rows, 80061 columns and 1203401 nonzeros
Model fingerprint: 0xbf802860
Variable types: 80032 continuous, 29 integer (29 binary)
Coefficient statistics:
  Matrix range     [2e-01, 1e+04]
  Objective range  [1e+00, 1e+00]
  Bounds range     [0e+00, 0e+00]
  RHS range        [1e+00, 5e+01]
Found heuristic solution: objective 913244.00002
Found heuristic solution: objective 913244.00001
Presolve removed 80114 rows and 42332 columns
Presolve time: 3.13s
Presolved: 37719 rows, 37729 columns, 603208 nonzeros
Variable types: 37724 continuous, 5 integer (5 binary)

Deterministic concurrent LP optimizer: primal and dual simplex (primal and dual model)
Showing first log only...

Root relaxation presolved: 37719 rows, 37729 columns, 603208 nonzeros


Root simplex log...

Iteration    Objective       Primal Inf.    Dual Inf.      Time
     116    9.0167643e+07   0.000000e+00   5.721925e+09      5s
Concurrent spin time: 0.01s

Solved with dual simplex (dual model)

Root relaxation: objective 1.492980e+05, 3198 iterations, 2.04 seconds (0.95 work units)

    Nodes    |    Current Node    |     Objective Bounds      |     Work
 Expl Unexpl |  Obj  Depth IntInf | Incumbent    BestBd   Gap | It/Node Time

     0     0 149297.972    0    1 913244.000 149297.972  83.7%     -    5s
     0     0 149297.972    0    1 913244.000 149297.972  83.7%     -    6s
     0     2 149297.972    0    1 913244.000 149297.972  83.7%     -    7s
     1     3 150493.626    1    3 913244.000 149297.972  83.7%  2751   21s
     3     4 150493.626    2    3 913244.000 150493.626  83.5%  3822   44s
     8     4 252867.330    3    1 913244.000 150493.626  83.5%  4490   55s
   634     4 150493.626  160    3 913244.000 150493.626  83.5%  67.7   60s
  1616     4 150493.626  385    3 913244.000 150493.626  83.5%  26.5   65s
  2606     4 150493.626  610    3 913244.000 150493.626  83.5%  16.5   70s
  3892     4 150493.626  926    3 913244.000 150493.626  83.5%  11.0   75s
  5244     4 150493.626 1264    3 913244.000 150493.626  83.5%   8.2   80s
  6644     4 150493.626 1614    3 913244.000 150493.626  83.5%   6.5   85s
  8056     4 150493.626 1967    3 913244.000 150493.626  83.5%   5.3   90s
  9484     4 150493.626 2324    3 913244.000 150493.626  83.5%   4.5   95s
 10942     4 150493.626 2688    3 913244.000 150493.626  83.5%   3.9  100s
 12290     4 150493.626 3025    3 913244.000 150493.626  83.5%   3.5  105s
 13342     4 150493.626 3288    3 913244.000 150493.626  83.5%   3.2  110s
 13786     4 150493.626 3399    3 913244.000 150493.626  83.5%   3.1  115s
 14242     4 150493.626 3513    3 913244.000 150493.626  83.5%   3.0  120s
 14710     4 150493.626 3630    3 913244.000 150493.626  83.5%   2.9  125s
 15318     4 150493.626 3782    3 913244.000 150493.626  83.5%   2.8  131s
 15690     4 150493.626 3875    3 913244.000 150493.626  83.5%   2.7  135s
 16202     4 150493.626 4003    3 913244.000 150493.626  83.5%   2.6  140s
 16730     4 150493.626 4135    3 913244.000 150493.626  83.5%   2.6  146s
 17138     4 150493.626 4237    3 913244.000 150493.626  83.5%   2.5  150s
 17554     4 150493.626 4341    3 913244.000 150493.626  83.5%   2.4  155s
 18122     4 150493.626 4483    3 913244.000 150493.626  83.5%   2.4  160s
 18558     4 150493.626 4592    3 913244.000 150493.626  83.5%   2.3  165s
 19158     4 150493.626 4742    3 913244.000 150493.626  83.5%   2.2  171s
 19618     4 150493.626 4857    3 913244.000 150493.626  83.5%   2.2  176s
 19930     4 150493.626 4935    3 913244.000 150493.626  83.5%   2.2  180s
 20406     4 150493.626 5054    3 913244.000 150493.626  83.5%   2.1  185s
 20894     4 150493.626 5176    3 913244.000 150493.626  83.5%   2.1  190s
 21394     4 150493.626 5301    3 913244.000 150493.626  83.5%   2.0  196s
 21730     4 150493.626 5385    3 913244.000 150493.626  83.5%   2.0  200s
 22246     4 150493.626 5514    3 913244.000 150493.626  83.5%   1.9  206s
 22598     4 150493.626 5602    3 913244.000 150493.626  83.5%   1.9  210s
 23134     4 150493.626 5736    3 913244.000 150493.626  83.5%   1.9  216s
 23498     4 150493.626 5827    3 913244.000 150493.626  83.5%   1.8  220s
 23866     4 150493.626 5919    3 913244.000 150493.626  83.5%   1.8  225s
 24430     4 150493.626 6060    3 913244.000 150493.626  83.5%   1.8  231s
 24814     4 150493.626 6156    3 913244.000 150493.626  83.5%   1.7  235s
 25202     4 150493.626 6253    3 913244.000 150493.626  83.5%   1.7  240s
 25796     4 150493.626 6401    3 913244.000 150493.626  83.5%   1.7  247s
 26200     4 150493.626 6502    3 913244.000 150493.626  83.5%   1.6  251s
 26608     4 150493.626 6604    3 913244.000 150493.626  83.5%   1.6  256s
 27025     5 252867.330 6807    1 913244.000 150493.626  83.5%   1.6  335s
 27027     6 255885.742 6807    3 913244.000 150493.626  83.5%   1.6  385s
 27030    11 150493.626   12    1 913244.000 150493.626  83.5%   3.1  394s
 27032    15 151099.719   13    1 913244.000 150493.626  83.5%   3.3  412s
 27036    13 151336.477   14    1 913244.000 151099.719  83.5%   4.0  470s
 27388     8 151336.477   58    1 913244.000 151336.477  83.4%   6.5  475s
 27940     8 151336.477  127    1 913244.000 151336.477  83.4%   6.4  480s
 28540     8 151336.477  202    1 913244.000 151336.477  83.4%   6.2  485s
 29100     8 151336.477  272    1 913244.000 151336.477  83.4%   6.1  490s
 29660     8 151336.477  342    1 913244.000 151336.477  83.4%   6.0  495s
 30205     8 151336.477  411    1 913244.000 151336.477  83.4%   5.9  500s
 30789     8 151336.477  484    1 913244.000 151336.477  83.4%   5.8  505s
 31400     8 151336.477  561    1 913244.000 151336.477  83.4%   5.7  510s
 31954     8 151336.477  631    1 913244.000 151336.477  83.4%   5.6  515s
 32491     8 151336.477  699    1 913244.000 151336.477  83.4%   5.5  520s
 32994     8 151336.477  762    1 913244.000 151336.477  83.4%   5.4  525s
 33443     8 151336.477  819    1 913244.000 151336.477  83.4%   5.3  530s
 33995     8 151336.477  888    1 913244.000 151336.477  83.4%   5.2  535s
 34627     8 151336.477  967    1 913244.000 151336.477  83.4%   5.1  540s
 35129     8 151336.477 1030    1 913244.000 151336.477  83.4%   5.1  545s
 35825     8 151336.477 1117    1 913244.000 151336.477  83.4%   5.0  550s
 36377     8 151336.477 1186    1 913244.000 151336.477  83.4%   4.9  555s
 37153     8 151336.477 1283    1 913244.000 151336.477  83.4%   4.8  561s
 37765     8 151336.477 1359    1 913244.000 151336.477  83.4%   4.7  566s
 38403     8 151336.477 1439    1 913244.000 151336.477  83.4%   4.6  571s
 38843     8 151336.477 1494    1 913244.000 151336.477  83.4%   4.6  575s
 39528     8 151336.477 1580    1 913244.000 151336.477  83.4%   4.5  581s
 40000     8 151336.477 1639    1 913244.000 151336.477  83.4%   4.5  585s
 40734     8 151336.477 1731    1 913244.000 151336.477  83.4%   4.4  590s
 41494     8 151336.477 1826    1 913244.000 151336.477  83.4%   4.3  595s
 42292     8 151336.477 1926    1 913244.000 151336.477  83.4%   4.2  600s
 43121     8 151336.477 2030    1 913244.000 151336.477  83.4%   4.1  606s
 43694     8 151336.477 2102    1 913244.000 151336.477  83.4%   4.1  610s
 44283     8 151336.477 2176    1 913244.000 151336.477  83.4%   4.0  615s
 44888     8 151336.477 2252    1 913244.000 151336.477  83.4%   4.0  620s
 45509     8 151336.477 2330    1 913244.000 151336.477  83.4%   3.9  625s
 46146     8 151336.477 2410    1 913244.000 151336.477  83.4%   3.9  630s
 46800     8 151336.477 2492    1 913244.000 151336.477  83.4%   3.8  635s
 47471     8 151336.477 2576    1 913244.000 151336.477  83.4%   3.8  640s
 48159     8 151336.477 2662    1 913244.000 151336.477  83.4%   3.7  645s
 48869     8 151336.477 2751    1 913244.000 151336.477  83.4%   3.6  650s
 49597     8 151336.477 2842    1 913244.000 151336.477  83.4%   3.6  656s
 50346     8 151336.477 2936    1 913244.000 151336.477  83.4%   3.5  660s
 51113     8 151336.477 3032    1 913244.000 151336.477  83.4%   3.5  665s
 51903     8 151336.477 3131    1 913244.000 151336.477  83.4%   3.4  671s
 52711     8 151336.477 3232    1 913244.000 151336.477  83.4%   3.4  677s
 53127     8 151336.477 3284    1 913244.000 151336.477  83.4%   3.4  681s
 53972     8 151336.477 3390    1 913244.000 151336.477  83.4%   3.3  687s
 54404     8 151336.477 3444    1 913244.000 151336.477  83.4%   3.3  698s
 55972     8 151336.477 3640    1 913244.000 151336.477  83.4%   3.2  702s
 56860     8 151336.477 3751    1 913244.000 151336.477  83.4%   3.1  706s
 57780     8 151336.477 3866    1 913244.000 151336.477  83.4%   3.1  711s
 58728     8 151336.477 3985    1 913244.000 151336.477  83.4%   3.0  716s
 59706     8 151336.477 4108    1 913244.000 151336.477  83.4%   3.0  722s
 60202     8 151336.477 4170    1 913244.000 151336.477  83.4%   3.0  725s
 61218     8 151336.477 4297    1 913244.000 151336.477  83.4%   2.9  730s
 62266     8 151336.477 4428    1 913244.000 151336.477  83.4%   2.9  736s
 63346     8 151336.477 4563    1 913244.000 151336.477  83.4%   2.8  742s
 63898     8 151336.477 4632    1 913244.000 151336.477  83.4%   2.8  745s
 65026     8 151336.477 4773    1 913244.000 151336.477  83.4%   2.7  751s
 66196     8 151336.477 4920    1 913244.000 151336.477  83.4%   2.7  757s
 66794     8 151336.477 4995    1 913244.000 151336.477  83.4%   2.7  760s
 68015     8 151336.477 5148    1 913244.000 151336.477  83.4%   2.6  766s
 68639     8 151336.477 5226    1 913244.000 151336.477  83.4%   2.6  770s
 69916     8 151336.477 5386    1 913244.000 151336.477  83.4%   2.5  776s
 70570     8 151336.477 5468    1 913244.000 151336.477  83.4%   2.5  780s
 71905     8 151336.477 5635    1 913244.000 151336.477  83.4%   2.5  787s
 72590     8 151336.477 5721    1 913244.000 151336.477  83.4%   2.5  791s
 73284     8 151336.477 5808    1 913244.000 151336.477  83.4%   2.4  795s
 74705     8 151336.477 5986    1 913244.000 151336.477  83.4%   2.4  803s
 75431     8 151336.477 6077    1 913244.000 151336.477  83.4%   2.4  807s
 76167     8 151336.477 6169    1 913244.000 151336.477  83.4%   2.3  811s
 76916     8 151336.477 6263    1 913244.000 151336.477  83.4%   2.3  816s
 77674     8 151336.477 6358    1 913244.000 151336.477  83.4%   2.3  820s
 79228     8 151336.477 6552    1 913244.000 151336.477  83.4%   2.2  826s
 80826     8 151336.477 6752    1 913244.000 151336.477  83.4%   2.2  832s
 81642     8 151336.477 6854    1 913244.000 151336.477  83.4%   2.2  845s
 84770     8 151336.477 7245    1 913244.000 151336.477  83.4%   2.1  850s
 85648     8 151336.477 7355    1 913244.000 151336.477  83.4%   2.1  855s
 87445     8 151336.477 7580    1 913244.000 151336.477  83.4%   2.0  864s
 88363     8 151336.477 7695    1 913244.000 151336.477  83.4%   2.0  868s
 89296     8 151336.477 7812    1 913244.000 151336.477  83.4%   2.0  873s
 90245     8 151336.477 7931    1 913244.000 151336.477  83.4%   2.0  877s
 91205     8 151336.477 8051    1 913244.000 151336.477  83.4%   2.0  882s
 92179     8 151336.477 8173    1 913244.000 151336.477  83.4%   1.9  887s
 93169     8 151336.477 8297    1 913244.000 151336.477  83.4%   1.9  891s
 94175     8 151336.477 8423    1 913244.000 151336.477  83.4%   1.9  896s
 95196     8 151336.477 8551    1 913244.000 151336.477  83.4%   1.9  900s
 96233     8 151336.477 8681    1 913244.000 151336.477  83.4%   1.9  905s
 97286     8 151336.477 8813    1 913244.000 151336.477  83.4%   1.8  910s
 99410     8 151336.477 9079    1 913244.000 151336.477  83.4%   1.8  919s
 100472     8 151336.477 9212    1 913244.000 151336.477  83.4%   1.8  923s
 101534     8 151336.477 9345    1 913244.000 151336.477  83.4%   1.8  928s
 102596     8 151336.477 9478    1 913244.000 151336.477  83.4%   1.7  932s
 103658     8 151336.477 9611    1 913244.000 151336.477  83.4%   1.7  937s
 104720     8 151336.477 9744    1 913244.000 151336.477  83.4%   1.7  941s
 105782     8 151336.477 9877    1 913244.000 151336.477  83.4%   1.7  946s
 106844     8 151336.477 10010    1 913244.000 151336.477  83.4%   1.7  950s
 108968     8 151336.477 10276    1 913244.000 151336.477  83.4%   1.6  968s
 112288     8 151336.477 10691    1 913244.000 151336.477  83.4%   1.6  973s
 113350     8 151336.477 10824    1 913244.000 151336.477  83.4%   1.6  978s
 114412     8 151336.477 10957    1 913244.000 151336.477  83.4%   1.6  982s
 115474     8 151336.477 11090    1 913244.000 151336.477  83.4%   1.5  986s
 116536     8 151336.477 11223    1 913244.000 151336.477  83.4%   1.5  991s
 117598     8 151336.477 11356    1 913244.000 151336.477  83.4%   1.5  995s
 119722     8 151336.477 11622    1 913244.000 151336.477  83.4%   1.5 1003s
 120784     8 151336.477 11755    1 913244.000 151336.477  83.4%   1.5 1007s
 121846     8 151336.477 11888    1 913244.000 151336.477  83.4%   1.5 1011s
 122908     8 151336.477 12021    1 913244.000 151336.477  83.4%   1.5 1015s
 125032     8 151336.477 12287    1 913244.000 151336.477  83.4%   1.4 1023s
 126094     8 151336.477 12420    1 913244.000 151336.477  83.4%   1.4 1027s
 127156     8 151336.477 12553    1 913244.000 151336.477  83.4%   1.4 1031s
 128218     8 151336.477 12686    1 913244.000 151336.477  83.4%   1.4 1036s
 129280     8 151336.477 12819    1 913244.000 151336.477  83.4%   1.4 1040s
 131404     8 151336.477 13085    1 913244.000 151336.477  83.4%   1.4 1048s
 132466     8 151336.477 13218    1 913244.000 151336.477  83.4%   1.3 1052s
 133528     8 151336.477 13351    1 913244.000 151336.477  83.4%   1.3 1056s
 134590     8 151336.477 13484    1 913244.000 151336.477  83.4%   1.3 1060s
 136714     8 151336.477 13750    1 913244.000 151336.477  83.4%   1.3 1077s
 140034     8 151336.477 14165    1 913244.000 151336.477  83.4%   1.3 1083s
 141096     8 151336.477 14298    1 913244.000 151336.477  83.4%   1.3 1088s
 142158     8 151336.477 14431    1 913244.000 151336.477  83.4%   1.3 1092s
 143220     8 151336.477 14564    1 913244.000 151336.477  83.4%   1.2 1096s
 144282     8 151336.477 14697    1 913244.000 151336.477  83.4%   1.2 1100s
 146406     8 151336.477 14963    1 913244.000 151336.477  83.4%   1.2 1108s
 147468     8 151336.477 15096    1 913244.000 151336.477  83.4%   1.2 1112s
 148530     8 151336.477 15229    1 913244.000 151336.477  83.4%   1.2 1116s
 149592     8 151336.477 15362    1 913244.000 151336.477  83.4%   1.2 1120s
 151716     8 151336.477 15628    1 913244.000 151336.477  83.4%   1.2 1128s
 152778     8 151336.477 15761    1 913244.000 151336.477  83.4%   1.2 1132s
 153840     8 151336.477 15894    1 913244.000 151336.477  83.4%   1.2 1136s
 154902     8 151336.477 16027    1 913244.000 151336.477  83.4%   1.2 1140s
 157026     8 151336.477 16293    1 913244.000 151336.477  83.4%   1.1 1148s
 158088     8 151336.477 16426    1 913244.000 151336.477  83.4%   1.1 1152s
 159150     8 151336.477 16559    1 913244.000 151336.477  83.4%   1.1 1156s
 161274     8 151336.477 16825    1 913244.000 151336.477  83.4%   1.1 1163s
 162336     8 151336.477 16958    1 913244.000 151336.477  83.4%   1.1 1167s
 163398     8 151336.477 17091    1 913244.000 151336.477  83.4%   1.1 1171s
 164460     8 151336.477 17224    1 913244.000 151336.477  83.4%   1.1 1184s
 167780     8 151336.477 17639    1 913244.000 151336.477  83.4%   1.1 1189s
 168842     8 151336.477 17772    1 913244.000 151336.477  83.4%   1.1 1194s
 169904     8 151336.477 17905    1 913244.000 151336.477  83.4%   1.0 1199s
 170966     8 151336.477 18038    1 913244.000 151336.477  83.4%   1.0 1203s
 172028     8 151336.477 18171    1 913244.000 151336.477  83.4%   1.0 1207s
 173090     8 151336.477 18304    1 913244.000 151336.477  83.4%   1.0 1212s
 174152     8 151336.477 18437    1 913244.000 151336.477  83.4%   1.0 1216s
 175214     8 151336.477 18570    1 913244.000 151336.477  83.4%   1.0 1220s
 176276     8 151336.477 18703    1 913244.000 151336.477  83.4%   1.0 1225s
 178400     8 151336.477 18969    1 913244.000 151336.477  83.4%   1.0 1233s
 179462     8 151336.477 19102    1 913244.000 151336.477  83.4%   1.0 1238s
 180524     8 151336.477 19235    1 913244.000 151336.477  83.4%   1.0 1242s
 181586     8 151336.477 19368    1 913244.000 151336.477  83.4%   1.0 1247s
 182648     8 151336.477 19501    1 913244.000 151336.477  83.4%   1.0 1251s
 183710     8 151336.477 19634    1 913244.000 151336.477  83.4%   1.0 1255s
 184772     8 151336.477 19767    1 913244.000 151336.477  83.4%   1.0 1260s
 185834     8 151336.477 19900    1 913244.000 151336.477  83.4%   1.0 1265s
 187958     8 151336.477 20166    1 913244.000 151336.477  83.4%   0.9 1274s
 189020     8 151336.477 20299    1 913244.000 151336.477  83.4%   0.9 1278s
 190082     8 151336.477 20432    1 913244.000 151336.477  83.4%   0.9 1283s
 191144     8 151336.477 20565    1 913244.000 151336.477  83.4%   0.9 1287s
 192206     8 151336.477 20698    1 913244.000 151336.477  83.4%   0.9 1300s
 195185     8 151336.477 21071    1 913244.000 151336.477  83.4%   0.9 1305s
 196247     8 151336.477 21204    1 913244.000 151336.477  83.4%   0.9 1311s
 197309     8 151336.477 21337    1 913244.000 151336.477  83.4%   0.9 1316s
 198371     8 151336.477 21470    1 913244.000 151336.477  83.4%   0.9 1321s
 199433     8 151336.477 21603    1 913244.000 151336.477  83.4%   0.9 1326s
 200495     8 151336.477 21736    1 913244.000 151336.477  83.4%   0.9 1331s
 201557     8 151336.477 21869    1 913244.000 151336.477  83.4%   0.9 1335s
 203681     8 151336.477 22135    1 913244.000 151336.477  83.4%   0.9 1343s
 204743     8 151336.477 22268    1 913244.000 151336.477  83.4%   0.9 1347s
 205805     8 151336.477 22401    1 913244.000 151336.477  83.4%   0.9 1351s
 207929     8 151336.477 22667    1 913244.000 151336.477  83.4%   0.9 1358s
 208991     8 151336.477 22800    1 913244.000 151336.477  83.4%   0.9 1362s
 210053     8 151336.477 22933    1 913244.000 151336.477  83.4%   0.8 1366s
 211115     8 151336.477 23066    1 913244.000 151336.477  83.4%   0.8 1370s
 213239     8 151336.477 23332    1 913244.000 151336.477  83.4%   0.8 1377s
 214301     8 151336.477 23465    1 913244.000 151336.477  83.4%   0.8 1381s
 216425     8 151336.477 23731    1 913244.000 151336.477  83.4%   0.8 1388s
 217487     8 151336.477 23864    1 913244.000 151336.477  83.4%   0.8 1392s
 218549     8 151336.477 23997    1 913244.000 151336.477  83.4%   0.8 1395s
 219611     8 151336.477 24130    1 913244.000 151336.477  83.4%   0.8 1406s
 222278     8 151336.477 24464    1 913244.000 151336.477  83.4%   0.8 1411s
 223340     8 151336.477 24597    1 913244.000 151336.477  83.4%   0.8 1416s
 224402     8 151336.477 24730    1 913244.000 151336.477  83.4%   0.8 1420s
 225464     8 151336.477 24863    1 913244.000 151336.477  83.4%   0.8 1425s
 227588     8 151336.477 25129    1 913244.000 151336.477  83.4%   0.8 1433s
 228650     8 151336.477 25262    1 913244.000 151336.477  83.4%   0.8 1437s
 229712     8 151336.477 25395    1 913244.000 151336.477  83.4%   0.8 1442s
 230774     8 151336.477 25528    1 913244.000 151336.477  83.4%   0.8 1446s
 231836     8 151336.477 25661    1 913244.000 151336.477  83.4%   0.8 1450s
 232898     8 151336.477 25794    1 913244.000 151336.477  83.4%   0.8 1455s
 235022     8 151336.477 26060    1 913244.000 151336.477  83.4%   0.8 1463s
 236084     8 151336.477 26193    1 913244.000 151336.477  83.4%   0.8 1468s
 237146     8 151336.477 26326    1 913244.000 151336.477  83.4%   0.8 1472s
 238208     8 151336.477 26459    1 913244.000 151336.477  83.4%   0.7 1476s
 239270     8 151336.477 26592    1 913244.000 151336.477  83.4%   0.7 1480s
 240332     8 151336.477 26725    1 913244.000 151336.477  83.4%   0.7 1485s
 242456     8 151336.477 26991    1 913244.000 151336.477  83.4%   0.7 1493s
 243518     8 151336.477 27124    1 913244.000 151336.477  83.4%   0.7 1498s
 244580     8 151336.477 27257    1 913244.000 151336.477  83.4%   0.7 1503s
 245642     8 151336.477 27390    1 913244.000 151336.477  83.4%   0.7 1507s
 246704     8 151336.477 27523    1 913244.000 151336.477  83.4%   0.7 1518s
 249146     8 151336.477 27829    1 913244.000 151336.477  83.4%   0.7 1524s
 250208     8 151336.477 27962    1 913244.000 151336.477  83.4%   0.7 1529s
 251270     8 151336.477 28095    1 913244.000 151336.477  83.4%   0.7 1533s
 252332     8 151336.477 28228    1 913244.000 151336.477  83.4%   0.7 1538s
 253394     8 151336.477 28361    1 913244.000 151336.477  83.4%   0.7 1543s
 254456     8 151336.477 28494    1 913244.000 151336.477  83.4%   0.7 1548s
 255518     8 151336.477 28627    1 913244.000 151336.477  83.4%   0.7 1553s
 256580     8 151336.477 28760    1 913244.000 151336.477  83.4%   0.7 1557s
 257642     8 151336.477 28893    1 913244.000 151336.477  83.4%   0.7 1562s
 258704     8 151336.477 29026    1 913244.000 151336.477  83.4%   0.7 1567s
 259766     8 151336.477 29159    1 913244.000 151336.477  83.4%   0.7 1572s
 260828     8 151336.477 29292    1 913244.000 151336.477  83.4%   0.7 1576s
 261890     8 151336.477 29425    1 913244.000 151336.477  83.4%   0.7 1581s
 262952     8 151336.477 29558    1 913244.000 151336.477  83.4%   0.7 1586s
 264014     8 151336.477 29691    1 913244.000 151336.477  83.4%   0.7 1591s
 265076     8 151336.477 29824    1 913244.000 151336.477  83.4%   0.7 1595s
 267200     8 151336.477 30090    1 913244.000 151336.477  83.4%   0.7 1603s
 268262     8 151336.477 30223    1 913244.000 151336.477  83.4%   0.7 1607s
 269324     8 151336.477 30356    1 913244.000 151336.477  83.4%   0.7 1612s
 270386     8 151336.477 30489    1 913244.000 151336.477  83.4%   0.7 1616s
 271448     8 151336.477 30622    1 913244.000 151336.477  83.4%   0.7 1620s
 273572     8 151336.477 30888    1 913244.000 151336.477  83.4%   0.7 1628s
 274634     8 151336.477 31021    1 913244.000 151336.477  83.4%   0.6 1639s
 276891     8 151336.477 31303    1 913244.000 151336.477  83.4%   0.6 1644s
 277953     8 151336.477 31436    1 913244.000 151336.477  83.4%   0.6 1649s
 279015     8 151336.477 31569    1 913244.000 151336.477  83.4%   0.6 1654s
 280077     8 151336.477 31702    1 913244.000 151336.477  83.4%   0.6 1658s
 281139     8 151336.477 31835    1 913244.000 151336.477  83.4%   0.6 1662s
 282201     8 151336.477 31968    1 913244.000 151336.477  83.4%   0.6 1666s
 283263     8 151336.477 32101    1 913244.000 151336.477  83.4%   0.6 1670s
 285387     8 151336.477 32367    1 913244.000 151336.477  83.4%   0.6 1678s
 286449     8 151336.477 32500    1 913244.000 151336.477  83.4%   0.6 1682s
 287511     8 151336.477 32633    1 913244.000 151336.477  83.4%   0.6 1686s
 288573     8 151336.477 32766    1 913244.000 151336.477  83.4%   0.6 1690s
 290697     8 151336.477 33032    1 913244.000 151336.477  83.4%   0.6 1698s
 291759     8 151336.477 33165    1 913244.000 151336.477  83.4%   0.6 1702s
 292821     8 151336.477 33298    1 913244.000 151336.477  83.4%   0.6 1706s
 293883     8 151336.477 33431    1 913244.000 151336.477  83.4%   0.6 1710s
 294945     8 151336.477 33564    1 913244.000 151336.477  83.4%   0.6 1715s
 297069     8 151336.477 33830    1 913244.000 151336.477  83.4%   0.6 1723s
 298131     8 151336.477 33963    1 913244.000 151336.477  83.4%   0.6 1727s
 299193     8 151336.477 34096    1 913244.000 151336.477  83.4%   0.6 1730s
 300255     8 151336.477 34229    1 913244.000 151336.477  83.4%   0.6 1735s
 302379     8 151336.477 34495    1 913244.000 151336.477  83.4%   0.6 1748s
 304487     8 151336.477 34759    1 913244.000 151336.477  83.4%   0.6 1753s
 305549     8 151336.477 34892    1 913244.000 151336.477  83.4%   0.6 1758s
 306611     8 151336.477 35025    1 913244.000 151336.477  83.4%   0.6 1762s
 307673     8 151336.477 35158    1 913244.000 151336.477  83.4%   0.6 1767s
 308735     8 151336.477 35291    1 913244.000 151336.477  83.4%   0.6 1772s
 309797     8 151336.477 35424    1 913244.000 151336.477  83.4%   0.6 1776s
 310859     8 151336.477 35557    1 913244.000 151336.477  83.4%   0.6 1781s
 311921     8 151336.477 35690    1 913244.000 151336.477  83.4%   0.6 1786s
 312983     8 151336.477 35823    1 913244.000 151336.477  83.4%   0.6 1790s
 314045     8 151336.477 35956    1 913244.000 151336.477  83.4%   0.6 1795s
 315107     8 151336.477 36089    1 913244.000 151336.477  83.4%   0.6 1800s
 317231     8 151336.477 36355    1 913244.000 151336.477  83.4%   0.6 1809s
 318293     8 151336.477 36488    1 913244.000 151336.477  83.4%   0.6 1814s
 319355     8 151336.477 36621    1 913244.000 151336.477  83.4%   0.6 1818s
 320417     8 151336.477 36754    1 913244.000 151336.477  83.4%   0.6 1823s
 321479     8 151336.477 36887    1 913244.000 151336.477  83.4%   0.6 1828s
 322541     8 151336.477 37020    1 913244.000 151336.477  83.4%   0.6 1832s
 323603     8 151336.477 37153    1 913244.000 151336.477  83.4%   0.6 1837s
 324665     8 151336.477 37286    1 913244.000 151336.477  83.4%   0.5 1842s
 325727     8 151336.477 37419    1 913244.000 151336.477  83.4%   0.5 1846s
 326789     8 151336.477 37552    1 913244.000 151336.477  83.4%   0.5 1851s
 327851     8 151336.477 37685    1 913244.000 151336.477  83.4%   0.5 1856s
 328913     8 151336.477 37818    1 913244.000 151336.477  83.4%   0.5 1860s
 329975     8 151336.477 37951    1 913244.000 151336.477  83.4%   0.5 1871s
 331964     8 151336.477 38200    1 913244.000 151336.477  83.4%   0.5 1876s
 334088     8 151336.477 38466    1 913244.000 151336.477  83.4%   0.5 1884s
 335150     8 151336.477 38599    1 913244.000 151336.477  83.4%   0.5 1887s
 336212     8 151336.477 38732    1 913244.000 151336.477  83.4%   0.5 1891s
 337274     8 151336.477 38865    1 913244.000 151336.477  83.4%   0.5 1895s
 339398     8 151336.477 39131    1 913244.000 151336.477  83.4%   0.5 1903s
 340460     8 151336.477 39264    1 913244.000 151336.477  83.4%   0.5 1908s
 341522     8 151336.477 39397    1 913244.000 151336.477  83.4%   0.5 1912s
 342584     8 151336.477 39530    1 913244.000 151336.477  83.4%   0.5 1916s
 343646     8 151336.477 39663    1 913244.000 151336.477  83.4%   0.5 1920s
 345770     8 151336.477 39929    1 913244.000 151336.477  83.4%   0.5 1928s
 346832     8 151336.477 40062    1 913244.000 151336.477  83.4%   0.5 1932s
 347894     8 151336.477 40195    1 913244.000 151336.477  83.4%   0.5 1936s
 348956     8 151336.477 40328    1 913244.000 151336.477  83.4%   0.5 1940s
 351080     8 151336.477 40594    1 913244.000 151336.477  83.4%   0.5 1948s
 352142     8 151336.477 40727    1 913244.000 151336.477  83.4%   0.5 1951s
 353204     8 151336.477 40860    1 913244.000 151336.477  83.4%   0.5 1955s
 355328     8 151336.477 41126    1 913244.000 151336.477  83.4%   0.5 1963s
 356390     8 151336.477 41259    1 913244.000 151336.477  83.4%   0.5 1967s
 357452     8 151336.477 41392    1 913244.000 151336.477  83.4%   0.5 1976s
 359343     8 151336.477 41629    1 913244.000 151336.477  83.4%   0.5 1981s
 360405     8 151336.477 41762    1 913244.000 151336.477  83.4%   0.5 1985s
 362529     8 151336.477 42028    1 913244.000 151336.477  83.4%   0.5 1993s
 363591     8 151336.477 42161    1 913244.000 151336.477  83.4%   0.5 1996s
 364653     8 151336.477 42294    1 913244.000 151336.477  83.4%   0.5 2000s
 366777     8 151336.477 42560    1 913244.000 151336.477  83.4%   0.5 2007s
 367839     8 151336.477 42693    1 913244.000 151336.477  83.4%   0.5 2011s
 369963     8 151336.477 42959    1 913244.000 151336.477  83.4%   0.5 2018s
 371025     8 151336.477 43092    1 913244.000 151336.477  83.4%   0.5 2021s
 372087     8 151336.477 43225    1 913244.000 151336.477  83.4%   0.5 2025s
 374211     8 151336.477 43491    1 913244.000 151336.477  83.4%   0.5 2032s
 375273     8 151336.477 43624    1 913244.000 151336.477  83.4%   0.5 2036s
 377397     8 151336.477 43890    1 913244.000 151336.477  83.4%   0.5 2043s
 378459     8 151336.477 44023    1 913244.000 151336.477  83.4%   0.5 2047s
 379521     8 151336.477 44156    1 913244.000 151336.477  83.4%   0.5 2050s
 381645     8 151336.477 44422    1 913244.000 151336.477  83.4%   0.5 2057s
 382707     8 151336.477 44555    1 913244.000 151336.477  83.4%   0.5 2061s
 383769     8 151336.477 44688    1 913244.000 151336.477  83.4%   0.5 2065s
 384831     8 151336.477 44821    1 913244.000 151336.477  83.4%   0.5 2074s
 386641     8 151336.477 45047    1 913244.000 151336.477  83.4%   0.5 2079s
 387703     8 151336.477 45180    1 913244.000 151336.477  83.4%   0.5 2084s
 388765     8 151336.477 45313    1 913244.000 151336.477  83.4%   0.5 2089s
 389827     8 151336.477 45446    1 913244.000 151336.477  83.4%   0.5 2093s
 390889     8 151336.477 45579    1 913244.000 151336.477  83.4%   0.5 2098s
 391951     8 151336.477 45712    1 913244.000 151336.477  83.4%   0.5 2103s
 393013     8 151336.477 45845    1 913244.000 151336.477  83.4%   0.5 2107s
 394075     8 151336.477 45978    1 913244.000 151336.477  83.4%   0.5 2112s
 395137     8 151336.477 46111    1 913244.000 151336.477  83.4%   0.5 2117s
 396199     8 151336.477 46244    1 913244.000 151336.477  83.4%   0.4 2121s
 397261     8 151336.477 46377    1 913244.000 151336.477  83.4%   0.4 2126s
 398323     8 151336.477 46510    1 913244.000 151336.477  83.4%   0.4 2131s
 399385     8 151336.477 46643    1 913244.000 151336.477  83.4%   0.4 2136s
 401509     8 151336.477 46909    1 913244.000 151336.477  83.4%   0.4 2143s
 402571     8 151336.477 47042    1 913244.000 151336.477  83.4%   0.4 2146s
 403633     8 151336.477 47175    1 913244.000 151336.477  83.4%   0.4 2150s
 405757     8 151336.477 47441    1 913244.000 151336.477  83.4%   0.4 2157s
 406819     8 151336.477 47574    1 913244.000 151336.477  83.4%   0.4 2161s
 408943     8 151336.477 47840    1 913244.000 151336.477  83.4%   0.4 2168s
 410005     8 151336.477 47973    1 913244.000 151336.477  83.4%   0.4 2171s
 411067     8 151336.477 48106    1 913244.000 151336.477  83.4%   0.4 2175s
 412129     8 151336.477 48239    1 913244.000 151336.477  83.4%   0.4 2183s
 413868     8 151336.477 48457    1 913244.000 151336.477  83.4%   0.4 2188s
 414930     8 151336.477 48590    1 913244.000 151336.477  83.4%   0.4 2191s
 415992     8 151336.477 48723    1 913244.000 151336.477  83.4%   0.4 2195s
 418116     8 151336.477 48989    1 913244.000 151336.477  83.4%   0.4 2202s
 419178     8 151336.477 49122    1 913244.000 151336.477  83.4%   0.4 2205s
 421302     8 151336.477 49388    1 913244.000 151336.477  83.4%   0.4 2213s
 422364     8 151336.477 49521    1 913244.000 151336.477  83.4%   0.4 2216s
 423426     8 151336.477 49654    1 913244.000 151336.477  83.4%   0.4 2220s
 425550     8 151336.477 49920    1 913244.000 151336.477  83.4%   0.4 2227s
 426612     8 151336.477 50053    1 913244.000 151336.477  83.4%   0.4 2231s
 428736     8 151336.477 50319    1 913244.000 151336.477  83.4%   0.4 2238s
 429798     8 151336.477 50452    1 913244.000 151336.477  83.4%   0.4 2241s
 430860     8 151336.477 50585    1 913244.000 151336.477  83.4%   0.4 2245s
 432984     8 151336.477 50851    1 913244.000 151336.477  83.4%   0.4 2252s
 434046     8 151336.477 50984    1 913244.000 151336.477  83.4%   0.4 2256s
 436170     8 151336.477 51250    1 913244.000 151336.477  83.4%   0.4 2263s
 437232     8 151336.477 51383    1 913244.000 151336.477  83.4%   0.4 2267s
 438294     8 151336.477 51516    1 913244.000 151336.477  83.4%   0.4 2270s
 439356     8 151336.477 51649    1 913244.000 151336.477  83.4%   0.4 2278s
 441032     8 151336.477 51859    1 913244.000 151336.477  83.4%   0.4 2283s
 442094     8 151336.477 51992    1 913244.000 151336.477  83.4%   0.4 2287s
 443156     8 151336.477 52125    1 913244.000 151336.477  83.4%   0.4 2291s
 445280     8 151336.477 52391    1 913244.000 151336.477  83.4%   0.4 2298s
 446342     8 151336.477 52524    1 913244.000 151336.477  83.4%   0.4 2301s
 447404     8 151336.477 52657    1 913244.000 151336.477  83.4%   0.4 2305s
 449528     8 151336.477 52923    1 913244.000 151336.477  83.4%   0.4 2312s
 450590     8 151336.477 53056    1 913244.000 151336.477  83.4%   0.4 2316s
 451652     8 151336.477 53189    1 913244.000 151336.477  83.4%   0.4 2320s
 453776     8 151336.477 53455    1 913244.000 151336.477  83.4%   0.4 2327s
 454838     8 151336.477 53588    1 913244.000 151336.477  83.4%   0.4 2331s
 456962     8 151336.477 53854    1 913244.000 151336.477  83.4%   0.4 2338s
 458024     8 151336.477 53987    1 913244.000 151336.477  83.4%   0.4 2342s
 459086     8 151336.477 54120    1 913244.000 151336.477  83.4%   0.4 2346s
 460148     8 151336.477 54253    1 913244.000 151336.477  83.4%   0.4 2350s
 462272     8 151336.477 54519    1 913244.000 151336.477  83.4%   0.4 2357s
 463334     8 151336.477 54652    1 913244.000 151336.477  83.4%   0.4 2360s
 465458     8 151336.477 54918    1 913244.000 151336.477  83.4%   0.4 2367s
 466520     8 151336.477 55051    1 913244.000 151336.477  83.4%   0.4 2375s
 468141     8 151336.477 55254    1 913244.000 151336.477  83.4%   0.4 2381s
 469203     8 151336.477 55387    1 913244.000 151336.477  83.4%   0.4 2385s
 471327     8 151336.477 55653    1 913244.000 151336.477  83.4%   0.4 2394s
 472389     8 151336.477 55786    1 913244.000 151336.477  83.4%   0.4 2398s
 473451     8 151336.477 55919    1 913244.000 151336.477  83.4%   0.4 2403s
 474513     8 151336.477 56052    1 913244.000 151336.477  83.4%   0.4 2407s
 475575     8 151336.477 56185    1 913244.000 151336.477  83.4%   0.4 2412s
 476637     8 151336.477 56318    1 913244.000 151336.477  83.4%   0.4 2416s
 477699     8 151336.477 56451    1 913244.000 151336.477  83.4%   0.4 2420s
 478761     8 151336.477 56584    1 913244.000 151336.477  83.4%   0.4 2425s
 480885     8 151336.477 56850    1 913244.000 151336.477  83.4%   0.4 2434s
 481947     8 151336.477 56983    1 913244.000 151336.477  83.4%   0.4 2438s
 483009     8 151336.477 57116    1 913244.000 151336.477  83.4%   0.4 2442s
 484071     8 151336.477 57249    1 913244.000 151336.477  83.4%   0.4 2447s
 485133     8 151336.477 57382    1 913244.000 151336.477  83.4%   0.4 2451s
 486195     8 151336.477 57515    1 913244.000 151336.477  83.4%   0.4 2455s
 487257     8 151336.477 57648    1 913244.000 151336.477  83.4%   0.4 2460s
 489381     8 151336.477 57914    1 913244.000 151336.477  83.4%   0.4 2469s
 490443     8 151336.477 58047    1 913244.000 151336.477  83.4%   0.4 2474s
 491505     8 151336.477 58180    1 913244.000 151336.477  83.4%   0.4 2478s
 492567     8 151336.477 58313    1 913244.000 151336.477  83.4%   0.4 2482s
 493629     8 151336.477 58446    1 913244.000 151336.477  83.4%   0.4 2491s
 495203     8 151336.477 58643    1 913244.000 151336.477  83.4%   0.4 2496s
 496265     8 151336.477 58776    1 913244.000 151336.477  83.4%   0.4 2501s
 497327     8 151336.477 58909    1 913244.000 151336.477  83.4%   0.4 2506s
 498389     8 151336.477 59042    1 913244.000 151336.477  83.4%   0.4 2510s
 500513     8 151336.477 59308    1 913244.000 151336.477  83.4%   0.4 2517s
 501575     8 151336.477 59441    1 913244.000 151336.477  83.4%   0.4 2521s
 502637     8 151336.477 59574    1 913244.000 151336.477  83.4%   0.4 2525s
 504761     8 151336.477 59840    1 913244.000 151336.477  83.4%   0.4 2533s
 505823     8 151336.477 59973    1 913244.000 151336.477  83.4%   0.4 2537s
 506885     8 151336.477 60106    1 913244.000 151336.477  83.4%   0.4 2541s
 507947     8 151336.477 60239    1 913244.000 151336.477  83.4%   0.4 2545s
 510071     8 151336.477 60505    1 913244.000 151336.477  83.4%   0.3 2553s
 511133     8 151336.477 60638    1 913244.000 151336.477  83.4%   0.3 2557s
 512195     8 151336.477 60771    1 913244.000 151336.477  83.4%   0.3 2561s
 513257     8 151336.477 60904    1 913244.000 151336.477  83.4%   0.3 2565s
 515381     8 151336.477 61170    1 913244.000 151336.477  83.4%   0.3 2573s
 516443     8 151336.477 61303    1 913244.000 151336.477  83.4%   0.3 2577s
 517505     8 151336.477 61436    1 913244.000 151336.477  83.4%   0.3 2581s
 518567     8 151336.477 61569    1 913244.000 151336.477  83.4%   0.3 2585s
 520691     8 151336.477 61835    1 913244.000 151336.477  83.4%   0.3 2597s
 522224     8 151336.477 62027    1 913244.000 151336.477  83.4%   0.3 2601s
 523286     8 151336.477 62160    1 913244.000 151336.477  83.4%   0.3 2605s
 525410     8 151336.477 62426    1 913244.000 151336.477  83.4%   0.3 2612s
 526472     8 151336.477 62559    1 913244.000 151336.477  83.4%   0.3 2616s
 527534     8 151336.477 62692    1 913244.000 151336.477  83.4%   0.3 2620s
 529658     8 151336.477 62958    1 913244.000 151336.477  83.4%   0.3 2627s
 530720     8 151336.477 63091    1 913244.000 151336.477  83.4%   0.3 2631s
 532844     8 151336.477 63357    1 913244.000 151336.477  83.4%   0.3 2638s
 533906     8 151336.477 63490    1 913244.000 151336.477  83.4%   0.3 2642s
 534968     8 151336.477 63623    1 913244.000 151336.477  83.4%   0.3 2645s
 537092     8 151336.477 63889    1 913244.000 151336.477  83.4%   0.3 2653s
 538154     8 151336.477 64022    1 913244.000 151336.477  83.4%   0.3 2656s
 539216     8 151336.477 64155    1 913244.000 151336.477  83.4%   0.3 2660s
 541340     8 151336.477 64421    1 913244.000 151336.477  83.4%   0.3 2667s
 542402     8 151336.477 64554    1 913244.000 151336.477  83.4%   0.3 2671s
 543464     8 151336.477 64687    1 913244.000 151336.477  83.4%   0.3 2675s
 545588     8 151336.477 64953    1 913244.000 151336.477  83.4%   0.3 2682s
 546650     8 151336.477 65086    1 913244.000 151336.477  83.4%   0.3 2686s
 547712     8 151336.477 65219    1 913244.000 151336.477  83.4%   0.3 2694s
 549206     8 151336.477 65406    1 913244.000 151336.477  83.4%   0.3 2699s
 550268     8 151336.477 65539    1 913244.000 151336.477  83.4%   0.3 2704s
 551330     8 151336.477 65672    1 913244.000 151336.477  83.4%   0.3 2708s
 552392     8 151336.477 65805    1 913244.000 151336.477  83.4%   0.3 2713s
 553454     8 151336.477 65938    1 913244.000 151336.477  83.4%   0.3 2717s
 554516     8 151336.477 66071    1 913244.000 151336.477  83.4%   0.3 2720s
 556640     8 151336.477 66337    1 913244.000 151336.477  83.4%   0.3 2728s
 557702     8 151336.477 66470    1 913244.000 151336.477  83.4%   0.3 2732s
 558764     8 151336.477 66603    1 913244.000 151336.477  83.4%   0.3 2735s
 560888     8 151336.477 66869    1 913244.000 151336.477  83.4%   0.3 2743s
 561950     8 151336.477 67002    1 913244.000 151336.477  83.4%   0.3 2746s
 563012     8 151336.477 67135    1 913244.000 151336.477  83.4%   0.3 2750s
 565136     8 151336.477 67401    1 913244.000 151336.477  83.4%   0.3 2758s
 566198     8 151336.477 67534    1 913244.000 151336.477  83.4%   0.3 2761s
 567260     8 151336.477 67667    1 913244.000 151336.477  83.4%   0.3 2765s
 569384     8 151336.477 67933    1 913244.000 151336.477  83.4%   0.3 2773s
 570446     8 151336.477 68066    1 913244.000 151336.477  83.4%   0.3 2777s
 571508     8 151336.477 68199    1 913244.000 151336.477  83.4%   0.3 2780s
 573632     8 151336.477 68465    1 913244.000 151336.477  83.4%   0.3 2788s
 574694     8 151336.477 68598    1 913244.000 151336.477  83.4%   0.3 2796s
 577217     8 151336.477 68914    1 913244.000 151336.477  83.4%   0.3 2803s
 578279     8 151336.477 69047    1 913244.000 151336.477  83.4%   0.3 2807s
 579341     8 151336.477 69180    1 913244.000 151336.477  83.4%   0.3 2811s
 581465     8 151336.477 69446    1 913244.000 151336.477  83.4%   0.3 2818s
 582527     8 151336.477 69579    1 913244.000 151336.477  83.4%   0.3 2821s
 583589     8 151336.477 69712    1 913244.000 151336.477  83.4%   0.3 2825s
 585713     8 151336.477 69978    1 913244.000 151336.477  83.4%   0.3 2833s
 586775     8 151336.477 70111    1 913244.000 151336.477  83.4%   0.3 2836s
 587837     8 151336.477 70244    1 913244.000 151336.477  83.4%   0.3 2840s
 589961     8 151336.477 70510    1 913244.000 151336.477  83.4%   0.3 2847s
 591023     8 151336.477 70643    1 913244.000 151336.477  83.4%   0.3 2851s
 592085     8 151336.477 70776    1 913244.000 151336.477  83.4%   0.3 2855s
 594209     8 151336.477 71042    1 913244.000 151336.477  83.4%   0.3 2862s
 595271     8 151336.477 71175    1 913244.000 151336.477  83.4%   0.3 2866s
 597395     8 151336.477 71441    1 913244.000 151336.477  83.4%   0.3 2873s
 598457     8 151336.477 71574    1 913244.000 151336.477  83.4%   0.3 2877s
 599519     8 151336.477 71707    1 913244.000 151336.477  83.4%   0.3 2880s
 601643     8 151336.477 71973    1 913244.000 151336.477  83.4%   0.3 2888s
 602705     8 151336.477 72106    1 913244.000 151336.477  83.4%   0.3 2895s
 604134     8 151336.477 72285    1 913244.000 151336.477  83.4%   0.3 2901s
 605196     8 151336.477 72418    1 913244.000 151336.477  83.4%   0.3 2905s
 607320     8 151336.477 72684    1 913244.000 151336.477  83.4%   0.3 2912s
 608382     8 151336.477 72817    1 913244.000 151336.477  83.4%   0.3 2916s
 610506     8 151336.477 73083    1 913244.000 151336.477  83.4%   0.3 2923s
 611568     8 151336.477 73216    1 913244.000 151336.477  83.4%   0.3 2926s
 612630     8 151336.477 73349    1 913244.000 151336.477  83.4%   0.3 2930s
 614754     8 151336.477 73615    1 913244.000 151336.477  83.4%   0.3 2937s
 615816     8 151336.477 73748    1 913244.000 151336.477  83.4%   0.3 2941s
 617940     8 151336.477 74014    1 913244.000 151336.477  83.4%   0.3 2948s
 619002     8 151336.477 74147    1 913244.000 151336.477  83.4%   0.3 2952s
 620064     8 151336.477 74280    1 913244.000 151336.477  83.4%   0.3 2956s
 622188     8 151336.477 74546    1 913244.000 151336.477  83.4%   0.3 2963s
 623250     8 151336.477 74679    1 913244.000 151336.477  83.4%   0.3 2967s
 624312     8 151336.477 74812    1 913244.000 151336.477  83.4%   0.3 2971s
 625374     8 151336.477 74945    1 913244.000 151336.477  83.4%   0.3 2975s
 627498     8 151336.477 75211    1 913244.000 151336.477  83.4%   0.3 2982s
 628560     8 151336.477 75344    1 913244.000 151336.477  83.4%   0.3 2986s
 629622     8 151336.477 75477    1 913244.000 151336.477  83.4%   0.3 2990s
 630684     8 151336.477 75610    1 913244.000 151336.477  83.4%   0.3 2997s
 632082     8 151336.477 75785    1 913244.000 151336.477  83.4%   0.3 3000s
 634206     8 151336.477 76051    1 913244.000 151336.477  83.4%   0.3 3008s
 635268     8 151336.477 76184    1 913244.000 151336.477  83.4%   0.3 3011s
 636330     8 151336.477 76317    1 913244.000 151336.477  83.4%   0.3 3015s
 638454     8 151336.477 76583    1 913244.000 151336.477  83.4%   0.3 3022s
 639516     8 151336.477 76716    1 913244.000 151336.477  83.4%   0.3 3026s
 641640     8 151336.477 76982    1 913244.000 151336.477  83.4%   0.3 3033s
 642702     8 151336.477 77115    1 913244.000 151336.477  83.4%   0.3 3036s
 643764     8 151336.477 77248    1 913244.000 151336.477  83.4%   0.3 3040s
 645888     8 151336.477 77514    1 913244.000 151336.477  83.4%   0.3 3047s
 646950     8 151336.477 77647    1 913244.000 151336.477  83.4%   0.3 3051s
 649074     8 151336.477 77913    1 913244.000 151336.477  83.4%   0.3 3058s
 650136     8 151336.477 78046    1 913244.000 151336.477  83.4%   0.3 3061s
 651198     8 151336.477 78179    1 913244.000 151336.477  83.4%   0.3 3065s
 653322     8 151336.477 78445    1 913244.000 151336.477  83.4%   0.3 3072s
 654384     8 151336.477 78578    1 913244.000 151336.477  83.4%   0.3 3076s
 655446     8 151336.477 78711    1 913244.000 151336.477  83.4%   0.3 3080s
 657570     8 151336.477 78977    1 913244.000 151336.477  83.4%   0.3 3087s
 658632     8 151336.477 79110    1 913244.000 151336.477  83.4%   0.3 3094s
 660005     8 151336.477 79282    1 913244.000 151336.477  83.4%   0.3 3098s
 661067     8 151336.477 79415    1 913244.000 151336.477  83.4%   0.3 3101s
 662129     8 151336.477 79548    1 913244.000 151336.477  83.4%   0.3 3105s
 664253     8 151336.477 79814    1 913244.000 151336.477  83.4%   0.3 3112s
 665315     8 151336.477 79947    1 913244.000 151336.477  83.4%   0.3 3116s
 667439     8 151336.477 80213    1 913244.000 151336.477  83.4%   0.3 3123s
 668501     8 151336.477 80346    1 913244.000 151336.477  83.4%   0.3 3127s
 669563     8 151336.477 80479    1 913244.000 151336.477  83.4%   0.3 3130s
 671687     8 151336.477 80745    1 913244.000 151336.477  83.4%   0.3 3138s
 672749     8 151336.477 80878    1 913244.000 151336.477  83.4%   0.3 3141s
 673811     8 151336.477 81011    1 913244.000 151336.477  83.4%   0.3 3145s
 675935     8 151336.477 81277    1 913244.000 151336.477  83.4%   0.3 3152s
 676997     8 151336.477 81410    1 913244.000 151336.477  83.4%   0.3 3156s
 678059     8 151336.477 81543    1 913244.000 151336.477  83.4%   0.3 3160s
 680183     8 151336.477 81809    1 913244.000 151336.477  83.4%   0.3 3167s
 681245     8 151336.477 81942    1 913244.000 151336.477  83.4%   0.3 3170s
 683369     8 151336.477 82208    1 913244.000 151336.477  83.4%   0.3 3178s
 684431     8 151336.477 82341    1 913244.000 151336.477  83.4%   0.3 3182s
 685493     8 151336.477 82474    1 913244.000 151336.477  83.4%   0.3 3186s
 686555     8 151336.477 82607    1 913244.000 151336.477  83.4%   0.3 3193s
 687904     8 151336.477 82776    1 913244.000 151336.477  83.4%   0.3 3197s
 688966     8 151336.477 82909    1 913244.000 151336.477  83.4%   0.3 3201s
 691090     8 151336.477 83175    1 913244.000 151336.477  83.4%   0.3 3208s
 692152     8 151336.477 83308    1 913244.000 151336.477  83.4%   0.3 3212s
 693214     8 151336.477 83441    1 913244.000 151336.477  83.4%   0.3 3215s
 695338     8 151336.477 83707    1 913244.000 151336.477  83.4%   0.3 3222s
 696400     8 151336.477 83840    1 913244.000 151336.477  83.4%   0.3 3226s
 697462     8 151336.477 83973    1 913244.000 151336.477  83.4%   0.3 3230s
 699586     8 151336.477 84239    1 913244.000 151336.477  83.4%   0.3 3237s
 700648     8 151336.477 84372    1 913244.000 151336.477  83.4%   0.3 3240s
 702772     8 151336.477 84638    1 913244.000 151336.477  83.4%   0.3 3248s
 703834     8 151336.477 84771    1 913244.000 151336.477  83.4%   0.3 3251s
 704896     8 151336.477 84904    1 913244.000 151336.477  83.4%   0.3 3255s
 707020     8 151336.477 85170    1 913244.000 151336.477  83.4%   0.3 3262s
 708082     8 151336.477 85303    1 913244.000 151336.477  83.4%   0.3 3266s
 710206     8 151336.477 85569    1 913244.000 151336.477  83.4%   0.3 3273s
 711268     8 151336.477 85702    1 913244.000 151336.477  83.4%   0.3 3276s
 712330     8 151336.477 85835    1 913244.000 151336.477  83.4%   0.3 3280s
 714454     8 151336.477 86101    1 913244.000 151336.477  83.4%   0.2 3291s
 716842     8 151336.477 86400    1 913244.000 151336.477  83.4%   0.2 3298s
 717904     8 151336.477 86533    1 913244.000 151336.477  83.4%   0.2 3301s
 718966     8 151336.477 86666    1 913244.000 151336.477  83.4%   0.2 3305s
 721090     8 151336.477 86932    1 913244.000 151336.477  83.4%   0.2 3312s
 722152     8 151336.477 87065    1 913244.000 151336.477  83.4%   0.2 3316s
 723214     8 151336.477 87198    1 913244.000 151336.477  83.4%   0.2 3320s
 725338     8 151336.477 87464    1 913244.000 151336.477  83.4%   0.2 3327s
 726400     8 151336.477 87597    1 913244.000 151336.477  83.4%   0.2 3330s
 728524     8 151336.477 87863    1 913244.000 151336.477  83.4%   0.2 3337s
 729586     8 151336.477 87996    1 913244.000 151336.477  83.4%   0.2 3341s
 730648     8 151336.477 88129    1 913244.000 151336.477  83.4%   0.2 3345s
 732772     8 151336.477 88395    1 913244.000 151336.477  83.4%   0.2 3352s
 733834     8 151336.477 88528    1 913244.000 151336.477  83.4%   0.2 3356s
 735958     8 151336.477 88794    1 913244.000 151336.477  83.4%   0.2 3363s
 737020     8 151336.477 88927    1 913244.000 151336.477  83.4%   0.2 3367s
 738082     8 151336.477 89060    1 913244.000 151336.477  83.4%   0.2 3370s
 740206     8 151336.477 89326    1 913244.000 151336.477  83.4%   0.2 3378s
 741268     8 151336.477 89459    1 913244.000 151336.477  83.4%   0.2 3381s
 742330     8 151336.477 89592    1 913244.000 151336.477  83.4%   0.2 3389s
 743638     8 151336.477 89756    1 913244.000 151336.477  83.4%   0.2 3393s
 744700     8 151336.477 89889    1 913244.000 151336.477  83.4%   0.2 3396s
 745762     8 151336.477 90022    1 913244.000 151336.477  83.4%   0.2 3400s
 747886     8 151336.477 90288    1 913244.000 151336.477  83.4%   0.2 3408s
 748948     8 151336.477 90421    1 913244.000 151336.477  83.4%   0.2 3411s
 750010     8 151336.477 90554    1 913244.000 151336.477  83.4%   0.2 3415s
 752134     8 151336.477 90820    1 913244.000 151336.477  83.4%   0.2 3422s
 753196     8 151336.477 90953    1 913244.000 151336.477  83.4%   0.2 3426s
 755320     8 151336.477 91219    1 913244.000 151336.477  83.4%   0.2 3433s
 756382     8 151336.477 91352    1 913244.000 151336.477  83.4%   0.2 3437s
 757444     8 151336.477 91485    1 913244.000 151336.477  83.4%   0.2 3440s
 759568     8 151336.477 91751    1 913244.000 151336.477  83.4%   0.2 3447s
 760630     8 151336.477 91884    1 913244.000 151336.477  83.4%   0.2 3451s
 761692     8 151336.477 92017    1 913244.000 151336.477  83.4%   0.2 3455s
 763816     8 151336.477 92283    1 913244.000 151336.477  83.4%   0.2 3462s
 764878     8 151336.477 92416    1 913244.000 151336.477  83.4%   0.2 3465s
 767002     8 151336.477 92682    1 913244.000 151336.477  83.4%   0.2 3472s
 768064     8 151336.477 92815    1 913244.000 151336.477  83.4%   0.2 3476s
 770188     8 151336.477 93081    1 913244.000 151336.477  83.4%   0.2 3486s
 771474     8 151336.477 93242    1 913244.000 151336.477  83.4%   0.2 3490s
 773598     8 151336.477 93508    1 913244.000 151336.477  83.4%   0.2 3497s
 774660     8 151336.477 93641    1 913244.000 151336.477  83.4%   0.2 3501s
 776784     8 151336.477 93907    1 913244.000 151336.477  83.4%   0.2 3508s
 777846     8 151336.477 94040    1 913244.000 151336.477  83.4%   0.2 3511s
 778908     8 151336.477 94173    1 913244.000 151336.477  83.4%   0.2 3515s
 781032     8 151336.477 94439    1 913244.000 151336.477  83.4%   0.2 3522s
 782094     8 151336.477 94572    1 913244.000 151336.477  83.4%   0.2 3526s
 783156     8 151336.477 94705    1 913244.000 151336.477  83.4%   0.2 3530s
 785280     8 151336.477 94971    1 913244.000 151336.477  83.4%   0.2 3537s
 786342     8 151336.477 95104    1 913244.000 151336.477  83.4%   0.2 3540s
 788466     8 151336.477 95370    1 913244.000 151336.477  83.4%   0.2 3547s
 789528     8 151336.477 95503    1 913244.000 151336.477  83.4%   0.2 3551s
 790590     8 151336.477 95636    1 913244.000 151336.477  83.4%   0.2 3555s
 792714     8 151336.477 95902    1 913244.000 151336.477  83.4%   0.2 3562s
 793776     8 151336.477 96035    1 913244.000 151336.477  83.4%   0.2 3566s
 795900     8 151336.477 96301    1 913244.000 151336.477  83.4%   0.2 3573s
 796962     8 151336.477 96434    1 913244.000 151336.477  83.4%   0.2 3576s
 798024     8 151336.477 96567    1 913244.000 151336.477  83.4%   0.2 3583s
 799294     8 151336.477 96726    1 913244.000 151336.477  83.4%   0.2 3587s
 800356     8 151336.477 96859    1 913244.000 151336.477  83.4%   0.2 3591s
 801418     8 151336.477 96992    1 913244.000 151336.477  83.4%   0.2 3595s
 803542     8 151336.477 97258    1 913244.000 151336.477  83.4%   0.2 3600s

Explored 803872 nodes (181417 simplex iterations) in 3601.48 seconds (1415.91 work units)
Thread count was 28 (of 28 available processors)

Solution count 2: 913244 913244 

Time limit reached
Best objective 9.132440000149e+05, best bound 1.513364769743e+05, gap 83.4287%

User-callback calls 1715834, time in user-callback 2.32 sec
Set parameter GURO_PAR_SPECIAL
Set parameter TokenServer to value "engaging-license-001"

--------------------------------------------
Warning: your license will expire in 8 days
--------------------------------------------

Set parameter TimeLimit to value 3600
Set parameter IntegralityFocus to value 1
Set parameter IntegralityFocus to value 1
Set parameter TimeLimit to value 3600
Gurobi Optimizer version 9.5.1 build v9.5.1rc2 (linux64)
Thread count: 28 physical cores, 28 logical processors, using up to 28 threads
Optimize a model with 117828 rows, 80061 columns and 1203396 nonzeros
Model fingerprint: 0x9ab8d1f7
Variable types: 80032 continuous, 29 integer (29 binary)
Coefficient statistics:
  Matrix range     [2e-01, 1e+04]
  Objective range  [1e+00, 1e+00]
  Bounds range     [0e+00, 0e+00]
  RHS range        [1e+00, 5e+01]
Found heuristic solution: objective 913244.00002
Found heuristic solution: objective 913244.00001
Presolve removed 80052 rows and 42288 columns
Presolve time: 2.89s
Presolved: 37776 rows, 37773 columns, 648306 nonzeros
Variable types: 37766 continuous, 7 integer (7 binary)

Deterministic concurrent LP optimizer: primal and dual simplex (primal and dual model)
Showing first log only...

Root relaxation presolved: 37776 rows, 37773 columns, 648306 nonzeros


Root simplex log...

Iteration    Objective       Primal Inf.    Dual Inf.      Time
    1236    5.6456096e+05   0.000000e+00   6.630412e+07      5s
Concurrent spin time: 0.01s

Solved with dual simplex (dual model)

Root relaxation: objective 1.464321e+05, 3113 iterations, 3.73 seconds (1.11 work units)

    Nodes    |    Current Node    |     Objective Bounds      |     Work
 Expl Unexpl |  Obj  Depth IntInf | Incumbent    BestBd   Gap | It/Node Time

     0     0 146432.102    0    3 913244.000 146432.102  84.0%     -    6s
     0     0 146432.102    0    3 913244.000 146432.102  84.0%     -    7s
     0     2 146432.102    0    3 913244.000 146432.102  84.0%     -    9s
     1     4 146432.102    1    2 913244.000 146432.102  84.0%   1.0   10s
     3     8 147464.022    2    3 913244.000 146432.102  84.0%   963   33s
     7    16 147464.022    3    2 913244.000 147464.022  83.9%  3703   63s
    15    32 147655.710    4    1 913244.000 147464.022  83.9%  3534  182s
    31    57 147687.543    5    1 913244.000 147655.710  83.8%  5510  201s
    59    80 147732.466    6    1 913244.000 147687.543  83.8%  3418  224s
    87    73 147696.450    6    1 913244.000 147687.554  83.8%  2537  289s
*   93    73               7    169969.81949 147696.450  13.1%  2410  289s
*  103    73               7    149204.67934 147696.450  1.01%  2414  289s
*  115    45               7    149163.62429 147696.450  0.98%  2355  303s
*  131    45               7    148283.42343 147697.172  0.40%  2127  304s
   143    15     cutoff    7      148283.423 147697.172  0.40%  1989  312s
*  145    15               7    148233.10482 147697.172  0.36%  1979  312s
   177     4     cutoff    7      148233.105 147733.173  0.34%  1658  320s

Explored 188 nodes (302201 simplex iterations) in 322.29 seconds (624.90 work units)
Thread count was 28 (of 28 available processors)

Solution count 6: 148233 148283 149164 ... 913244

Optimal solution found (tolerance 1.00e-04)
Best objective 1.482331048150e+05, best bound 1.482331048150e+05, gap 0.0000%

User-callback calls 196335, time in user-callback 0.20 sec
Set parameter GURO_PAR_SPECIAL
Set parameter TokenServer to value "engaging-license-001"

--------------------------------------------
Warning: your license will expire in 8 days
--------------------------------------------

Set parameter TimeLimit to value 3600
Set parameter IntegralityFocus to value 1
Set parameter IntegralityFocus to value 1
Set parameter TimeLimit to value 3600
Gurobi Optimizer version 9.5.1 build v9.5.1rc2 (linux64)
Thread count: 28 physical cores, 28 logical processors, using up to 28 threads
Optimize a model with 117828 rows, 80062 columns and 1243396 nonzeros
Model fingerprint: 0x68eb79f6
Variable types: 80033 continuous, 29 integer (29 binary)
Coefficient statistics:
  Matrix range     [2e-01, 1e+04]
  Objective range  [1e+00, 1e+00]
  Bounds range     [1e+04, 1e+04]
  RHS range        [1e+00, 5e+01]
Found heuristic solution: objective 9.370485e+07
Presolve removed 80052 rows and 42288 columns
Presolve time: 3.64s
Presolved: 37776 rows, 37774 columns, 686052 nonzeros
Variable types: 37767 continuous, 7 integer (7 binary)

Deterministic concurrent LP optimizer: primal and dual simplex (primal and dual model)
Showing first log only...

Root relaxation presolved: 37776 rows, 37774 columns, 686052 nonzeros


Root simplex log...

Iteration    Objective       Primal Inf.    Dual Inf.      Time
     286    5.2805925e+05   0.000000e+00   1.232558e+08      5s
Concurrent spin time: 0.00s

Solved with dual simplex (dual model)

Root relaxation: objective 1.459312e+05, 3539 iterations, 3.57 seconds (1.63 work units)

    Nodes    |    Current Node    |     Objective Bounds      |     Work
 Expl Unexpl |  Obj  Depth IntInf | Incumbent    BestBd   Gap | It/Node Time

     0     0 145931.158    0    2 9.3705e+07 145931.158   100%     -    7s
     0     0 145931.158    0    2 9.3705e+07 145931.158   100%     -    7s
     0     2 145931.158    0    2 9.3705e+07 145931.158   100%     -    9s
     1     4 146863.204    1    1 9.3705e+07 145931.583   100%  2788   27s
     3     8 146894.110    2    1 9.3705e+07 146863.359   100%  4533   55s
     7    12 146928.909    3    3 9.3705e+07 146894.141   100%  5455   63s
    15    16 146928.909    4    3 9.3705e+07 146899.590   100%  2717   79s
    28    15 167591.608    5    2 9.3705e+07 146899.590   100%  1996  108s
*   40    15               5    229843.00744 146899.590  36.1%  2138  108s
   178    15 146928.909   15    3 229843.007 146899.590  36.1%   484  110s
   921    15 146928.909   64    3 229843.007 146899.590  36.1%  93.5  115s
  1790    15 146928.909  119    3 229843.007 146899.590  36.1%  48.1  120s
  2757    15 146928.909  179    3 229843.007 146899.590  36.1%  31.2  125s
  3671    15 146928.909  236    3 229843.007 146899.590  36.1%  23.4  130s
  4533    15 146928.909  289    3 229843.007 146899.590  36.1%  19.0  135s
  5410    15 146928.909  343    3 229843.007 146899.590  36.1%  15.9  140s
  6146    15 146928.909  389    3 229843.007 146899.590  36.1%  14.0  145s
  7204    15 146928.909  459    3 229843.007 146899.590  36.1%  11.9  151s
  8074    15 146928.909  517    3 229843.007 146899.590  36.1%  10.7  155s
  9022    15 146928.909  579    3 229843.007 146899.590  36.1%   9.5  161s
 10040    15 146928.909  647    3 229843.007 146899.590  36.1%   8.6  166s
 10773    15 146928.909  696    3 229843.007 146899.590  36.1%   8.0  170s
 11941    15 146928.909  774    3 229843.007 146899.590  36.1%   7.2  176s
 12776    15 146928.909  829    3 229843.007 146899.590  36.1%   6.7  180s
 14119    15 146928.909  918    3 229843.007 146899.590  36.1%   6.1  186s
 15064    15 146928.909  981    3 229843.007 146899.590  36.1%   5.7  190s
 16067    15 146928.909 1048    3 229843.007 146899.590  36.1%   5.4  195s
 17124    15 146928.909 1118    3 229843.007 146899.590  36.1%   5.0  200s
 18239    15 146928.909 1191    3 229843.007 146899.590  36.1%   4.7  205s
 19414    15 146928.909 1268    3 229843.007 146899.590  36.1%   4.4  210s
 20649    15 146928.909 1349    3 229843.007 146899.590  36.1%   4.2  215s
 21946    15 146928.909 1435    3 229843.007 146899.590  36.1%   3.9  221s
 23307    15 146928.909 1526    3 229843.007 146899.590  36.1%   3.7  227s
 24742    15 146928.909 1621    3 229843.007 146899.590  36.1%   3.5  232s
 25488    15 146928.909 1670    3 229843.007 146899.590  36.1%   3.4  236s
 27041    16 146899.590 1763    2 229843.007 146899.590  36.1%   3.2  351s
 27043    17 167507.494 1771    7 229843.007 146899.590  36.1%   3.2  466s
 27048    26 146899.590   15    3 229843.007 146899.590  36.1%   5.3  483s
 27052    32 146899.590   16    2 229843.007 146899.590  36.1%   5.7  489s
 27060    46 146899.590   17    1 229843.007 146899.590  36.1%   5.8  515s
 27076    68 147371.576   18    1 229843.007 146899.590  36.1%   6.9  669s
*27104    32              19    223289.12675 147340.891  34.0%  12.2 1071s
*27112    32              19    223259.41281 147341.303  34.0%  15.9 1071s
*27132     6              19    147556.20120 147341.303  0.15%  22.8 1164s
*27140     6              19    147526.53856 147382.389  0.10%  23.2 1164s
 27160     0     cutoff   19      147526.539 147468.978  0.04%  26.4 1165s

Explored 27164 nodes (721103 simplex iterations) in 1168.23 seconds (1752.13 work units)
Thread count was 28 (of 28 available processors)

Solution count 7: 147527 147556 223259 ... 9.37049e+07
No other solutions better than 147527

Optimal solution found (tolerance 1.00e-04)
Best objective 1.475265385308e+05, best bound 1.475265385308e+05, gap 0.0000%

User-callback calls 310969, time in user-callback 0.27 sec
-------------------------------------------------------------------------------------
features_wh2_pass0_instance101_run201.jld2
Instance 1201 has no congestion
features_wh2_pass0_instance101_run202.jld2
Instance 1202 has no congestion
features_wh2_pass0_instance102_run203.jld2
Instance 1203 has no congestion
features_wh2_pass0_instance102_run204.jld2
Instance 1204 has no congestion
features_wh2_pass0_instance103_run205.jld2
Instance 1205 has no congestion
features_wh2_pass0_instance103_run206.jld2
Instance 1206 has no congestion
features_wh2_pass0_instance104_run207.jld2
Instance 1207 has no congestion
features_wh2_pass0_instance104_run208.jld2
Instance 1208 has no congestion
features_wh2_pass0_instance105_run209.jld2
Instance 1209 has no congestion
features_wh2_pass0_instance105_run210.jld2
Instance 1210 has no congestion
features_wh2_pass0_instance106_run211.jld2
Instance 1211 has no congestion
features_wh2_pass0_instance106_run212.jld2
Instance 1212 has no congestion
features_wh2_pass0_instance107_run213.jld2
Instance 1213 has no congestion
features_wh2_pass0_instance107_run214.jld2
Instance 1214 has no congestion
features_wh2_pass0_instance108_run215.jld2
Instance 1215 has no congestion
features_wh2_pass0_instance108_run216.jld2
Instance 1216 has no congestion
features_wh2_pass0_instance109_run217.jld2
Instance 1217 has no congestion
features_wh2_pass0_instance109_run218.jld2
Instance 1218 has no congestion
features_wh2_pass0_instance110_run219.jld2
Instance 1219 has no congestion
features_wh2_pass0_instance110_run220.jld2
Instance 1220 has no congestion
features_wh2_pass0_instance111_run221.jld2
Instance 1221 has no congestion
features_wh2_pass0_instance111_run222.jld2
Instance 1222 has no congestion
features_wh2_pass0_instance112_run223.jld2
Instance 1223 has no congestion
features_wh2_pass0_instance112_run224.jld2
Instance 1224 has no congestion
features_wh2_pass0_instance113_run225.jld2
Instance 1225 has no congestion
features_wh2_pass0_instance113_run226.jld2
Instance 1226 has no congestion
features_wh2_pass0_instance114_run227.jld2
Instance 1227 has no congestion
features_wh2_pass0_instance114_run228.jld2
Instance 1228 has no congestion
features_wh2_pass0_instance115_run229.jld2
Instance 1229 has no congestion
features_wh2_pass0_instance115_run230.jld2
Instance 1230 has no congestion
features_wh2_pass0_instance116_run231.jld2
Instance 1231 has no congestion
features_wh2_pass0_instance116_run232.jld2
Instance 1232 has no congestion
features_wh2_pass0_instance117_run233.jld2
Instance 1233 has no congestion
features_wh2_pass0_instance117_run234.jld2
Instance 1234 has no congestion
features_wh2_pass0_instance118_run235.jld2
Instance 1235 has no congestion
features_wh2_pass0_instance118_run236.jld2
Instance 1236 has no congestion
features_wh2_pass0_instance119_run237.jld2
Instance 1237 has no congestion
features_wh2_pass0_instance119_run238.jld2
Instance 1238 has no congestion
features_wh2_pass0_instance120_run239.jld2
Instance 1239 has no congestion
features_wh2_pass0_instance120_run240.jld2
Instance 1240 has no congestion
features_wh2_pass0_instance121_run241.jld2
Instance 1241 has no congestion
features_wh2_pass0_instance121_run242.jld2
Instance 1242 has no congestion
features_wh2_pass0_instance122_run243.jld2
Instance 1243 has no congestion
features_wh2_pass0_instance122_run244.jld2
Instance 1244 has no congestion
features_wh2_pass0_instance123_run245.jld2
Instance 1245 has no congestion
features_wh2_pass0_instance123_run246.jld2
Instance 1246 has no congestion
features_wh2_pass0_instance124_run247.jld2
Instance 1247 has no congestion
features_wh2_pass0_instance124_run248.jld2
Instance 1248 has no congestion
features_wh2_pass0_instance125_run249.jld2
Instance 1249 has no congestion
features_wh2_pass0_instance125_run250.jld2
Instance 1250 has no congestion
features_wh2_pass0_instance126_run251.jld2
Instance 1251 has no congestion
features_wh2_pass0_instance126_run252.jld2
Instance 1252 has no congestion
features_wh2_pass0_instance127_run253.jld2
Instance 1253 has no congestion
features_wh2_pass0_instance127_run254.jld2
Instance 1254 has no congestion
features_wh2_pass0_instance128_run255.jld2
Instance 1255 has no congestion
features_wh2_pass0_instance128_run256.jld2
Instance 1256 has no congestion
features_wh2_pass0_instance129_run257.jld2
Instance 1257 has no congestion
features_wh2_pass0_instance129_run258.jld2
Instance 1258 has no congestion
features_wh2_pass0_instance130_run259.jld2
Instance 1259 has no congestion
features_wh2_pass0_instance130_run260.jld2
Instance 1260 has no congestion
features_wh2_pass0_instance131_run261.jld2
Instance 1261 has no congestion
features_wh2_pass0_instance131_run262.jld2
Instance 1262 has no congestion
features_wh2_pass0_instance132_run263.jld2
Instance 1263 has no congestion
features_wh2_pass0_instance132_run264.jld2
Instance 1264 has no congestion
features_wh2_pass0_instance133_run265.jld2
Instance 1265 has no congestion
features_wh2_pass0_instance133_run266.jld2
Instance 1266 has no congestion
features_wh2_pass0_instance134_run267.jld2
Instance 1267 has no congestion
features_wh2_pass0_instance134_run268.jld2
Instance 1268 has no congestion
features_wh2_pass0_instance135_run269.jld2
Instance 1269 has no congestion
features_wh2_pass0_instance135_run270.jld2
Instance 1270 has no congestion
features_wh2_pass0_instance136_run271.jld2
Instance 1271 has no congestion
features_wh2_pass0_instance136_run272.jld2
Instance 1272 has no congestion
features_wh2_pass0_instance137_run273.jld2
Instance 1273 has no congestion
features_wh2_pass0_instance137_run274.jld2
Instance 1274 has no congestion
features_wh2_pass0_instance138_run275.jld2
Instance 1275 has no congestion
features_wh2_pass0_instance138_run276.jld2
Instance 1276 has no congestion
features_wh2_pass0_instance139_run277.jld2
Instance 1277 has no congestion
features_wh2_pass0_instance139_run278.jld2
Instance 1278 has no congestion
features_wh2_pass0_instance140_run279.jld2
Instance 1279 has no congestion
features_wh2_pass0_instance140_run280.jld2
Instance 1280 has no congestion
features_wh2_pass0_instance141_run281.jld2
Instance 1281 has no congestion
features_wh2_pass0_instance141_run282.jld2
Instance 1282 has no congestion
features_wh2_pass0_instance142_run283.jld2
Instance 1283 has no congestion
features_wh2_pass0_instance142_run284.jld2
Instance 1284 has no congestion
features_wh2_pass0_instance143_run285.jld2
Instance 1285 has no congestion
features_wh2_pass0_instance143_run286.jld2
Instance 1286 has no congestion
features_wh2_pass0_instance144_run287.jld2
Instance 1287 has no congestion
features_wh2_pass0_instance144_run288.jld2
Instance 1288 has no congestion
features_wh2_pass0_instance145_run289.jld2
Instance 1289 has no congestion
features_wh2_pass0_instance145_run290.jld2
Instance 1290 has no congestion
features_wh2_pass0_instance146_run291.jld2
Instance 1291 has no congestion
features_wh2_pass0_instance146_run292.jld2
Instance 1292 has no congestion
features_wh2_pass0_instance147_run293.jld2
Instance 1293 has no congestion
features_wh2_pass0_instance147_run294.jld2
Instance 1294 has no congestion
features_wh2_pass0_instance148_run295.jld2
Instance 1295 has no congestion
features_wh2_pass0_instance148_run296.jld2
Instance 1296 has no congestion
features_wh2_pass0_instance149_run297.jld2
Instance 1297 has no congestion
features_wh2_pass0_instance149_run298.jld2
Instance 1298 has no congestion
features_wh2_pass0_instance150_run299.jld2
Instance 1299 has no congestion
features_wh2_pass0_instance150_run300.jld2
Instance 1300 has no congestion
features_wh2_pass0_instance151_run301.jld2
Instance 1301 has no congestion
features_wh2_pass0_instance151_run302.jld2
Instance 1302 has no congestion
features_wh2_pass0_instance152_run303.jld2
Instance 1303 has no congestion
features_wh2_pass0_instance152_run304.jld2
Instance 1304 has no congestion
features_wh2_pass0_instance153_run305.jld2
Instance 1305 has no congestion
features_wh2_pass0_instance153_run306.jld2
Instance 1306 has no congestion
features_wh2_pass0_instance154_run307.jld2
Instance 1307 has no congestion
features_wh2_pass0_instance154_run308.jld2
Instance 1308 has no congestion
features_wh2_pass0_instance155_run309.jld2
Instance 1309 has no congestion
features_wh2_pass0_instance155_run310.jld2
Instance 1310 has no congestion
features_wh2_pass0_instance156_run311.jld2
Instance 1311 has no congestion
features_wh2_pass0_instance156_run312.jld2
Instance 1312 has no congestion
features_wh2_pass0_instance157_run313.jld2
Instance 1313 has no congestion
features_wh2_pass0_instance157_run314.jld2
Instance 1314 has no congestion
features_wh2_pass0_instance158_run315.jld2
Instance 1315 has no congestion
features_wh2_pass0_instance158_run316.jld2
Instance 1316 has no congestion
features_wh2_pass0_instance159_run317.jld2
Instance 1317 has no congestion
features_wh2_pass0_instance159_run318.jld2
Instance 1318 has no congestion
features_wh2_pass0_instance160_run319.jld2
Instance 1319 has no congestion
features_wh2_pass0_instance160_run320.jld2
Instance 1320 has no congestion
features_wh2_pass0_instance161_run321.jld2
Instance 1321 has no congestion
features_wh2_pass0_instance161_run322.jld2
Instance 1322 has no congestion
features_wh2_pass0_instance162_run323.jld2
Instance 1323 has no congestion
features_wh2_pass0_instance162_run324.jld2
Instance 1324 has no congestion
features_wh2_pass0_instance163_run325.jld2
Instance 1325 has no congestion
features_wh2_pass0_instance163_run326.jld2
Instance 1326 has no congestion
features_wh2_pass0_instance164_run327.jld2
Instance 1327 has no congestion
features_wh2_pass0_instance164_run328.jld2
Instance 1328 has no congestion
features_wh2_pass0_instance165_run329.jld2
Instance 1329 has no congestion
features_wh2_pass0_instance165_run330.jld2
Instance 1330 has no congestion
features_wh2_pass0_instance166_run331.jld2
Instance 1331 has no congestion
features_wh2_pass0_instance166_run332.jld2
Instance 1332 has no congestion
features_wh2_pass0_instance167_run333.jld2
Instance 1333 has no congestion
features_wh2_pass0_instance167_run334.jld2
Instance 1334 has no congestion
features_wh2_pass0_instance168_run335.jld2
Instance 1335 has no congestion
features_wh2_pass0_instance168_run336.jld2
Instance 1336 has no congestion
features_wh2_pass0_instance169_run337.jld2
Instance 1337 has no congestion
features_wh2_pass0_instance169_run338.jld2
Instance 1338 has no congestion
features_wh2_pass0_instance170_run339.jld2
Instance 1339 has no congestion
features_wh2_pass0_instance170_run340.jld2
Instance 1340 has no congestion
features_wh2_pass0_instance171_run341.jld2
Instance 1341 has no congestion
features_wh2_pass0_instance171_run342.jld2
Instance 1342 has no congestion
features_wh2_pass0_instance172_run343.jld2
Instance 1343 has no congestion
features_wh2_pass0_instance172_run344.jld2
Instance 1344 has no congestion
features_wh2_pass0_instance173_run345.jld2
Instance 1345 has no congestion
features_wh2_pass0_instance173_run346.jld2
Instance 1346 has no congestion
features_wh2_pass0_instance174_run347.jld2
Instance 1347 has no congestion
features_wh2_pass0_instance174_run348.jld2
Instance 1348 has no congestion
features_wh2_pass0_instance175_run349.jld2
Instance 1349 has no congestion
features_wh2_pass0_instance175_run350.jld2
Instance 1350 has no congestion
features_wh2_pass0_instance176_run351.jld2
Instance 1351 has no congestion
features_wh2_pass0_instance176_run352.jld2
Instance 1352 has no congestion
features_wh2_pass0_instance177_run353.jld2
Instance 1353 has no congestion
features_wh2_pass0_instance177_run354.jld2
Instance 1354 has no congestion
features_wh2_pass0_instance178_run355.jld2
Instance 1355 has no congestion
features_wh2_pass0_instance178_run356.jld2
Instance 1356 has no congestion
features_wh2_pass0_instance179_run357.jld2
Instance 1357 has no congestion
features_wh2_pass0_instance179_run358.jld2
Instance 1358 has no congestion
features_wh2_pass0_instance180_run359.jld2
Instance 1359 has no congestion
features_wh2_pass0_instance180_run360.jld2
Instance 1360 has no congestion
features_wh2_pass0_instance181_run361.jld2
Instance 1361 has no congestion
features_wh2_pass0_instance181_run362.jld2
Instance 1362 has no congestion
features_wh2_pass0_instance182_run363.jld2
Instance 1363 has no congestion
features_wh2_pass0_instance182_run364.jld2
Instance 1364 has no congestion
features_wh2_pass0_instance183_run365.jld2
Instance 1365 has no congestion
features_wh2_pass0_instance183_run366.jld2
Instance 1366 has no congestion
features_wh2_pass0_instance184_run367.jld2
Instance 1367 has no congestion
features_wh2_pass0_instance184_run368.jld2
Instance 1368 has no congestion
features_wh2_pass0_instance185_run369.jld2
Instance 1369 has no congestion
features_wh2_pass0_instance185_run370.jld2
Instance 1370 has no congestion
features_wh2_pass0_instance186_run371.jld2
Instance 1371 has no congestion
features_wh2_pass0_instance186_run372.jld2
Instance 1372 has no congestion
features_wh2_pass0_instance187_run373.jld2
Instance 1373 has no congestion
features_wh2_pass0_instance187_run374.jld2
Instance 1374 has no congestion
features_wh2_pass0_instance188_run375.jld2
Instance 1375 has no congestion
features_wh2_pass0_instance188_run376.jld2
Instance 1376 has no congestion
features_wh2_pass0_instance189_run377.jld2
Instance 1377 has no congestion
features_wh2_pass0_instance189_run378.jld2
Instance 1378 has no congestion
features_wh2_pass0_instance190_run379.jld2
Instance 1379 has no congestion
features_wh2_pass0_instance190_run380.jld2
Instance 1380 has no congestion
features_wh2_pass0_instance191_run381.jld2
Instance 1381 has no congestion
features_wh2_pass0_instance191_run382.jld2
Instance 1382 has no congestion
features_wh2_pass0_instance192_run383.jld2
Instance 1383 has no congestion
features_wh2_pass0_instance192_run384.jld2
Instance 1384 has no congestion
features_wh2_pass0_instance193_run385.jld2
Instance 1385 has no congestion
features_wh2_pass0_instance193_run386.jld2
Instance 1386 has no congestion
features_wh2_pass0_instance194_run387.jld2
Instance 1387 has no congestion
features_wh2_pass0_instance194_run388.jld2
Instance 1388 has no congestion
features_wh2_pass0_instance195_run389.jld2
Instance 1389 has no congestion
features_wh2_pass0_instance195_run390.jld2
Instance 1390 has no congestion
features_wh2_pass0_instance196_run391.jld2
Instance 1391 has no congestion
features_wh2_pass0_instance196_run392.jld2
Instance 1392 has no congestion
features_wh2_pass0_instance197_run393.jld2
Instance 1393 has no congestion
features_wh2_pass0_instance197_run394.jld2
Instance 1394 has no congestion
features_wh2_pass0_instance198_run395.jld2
Instance 1395 has no congestion
features_wh2_pass0_instance198_run396.jld2
Instance 1396 has no congestion
features_wh2_pass0_instance199_run397.jld2
Instance 1397 has no congestion
features_wh2_pass0_instance199_run398.jld2
Instance 1398 has no congestion
features_wh2_pass0_instance200_run399.jld2
Instance 1399 has no congestion
features_wh2_pass0_instance200_run400.jld2
Instance 1400 has no congestion
Error in solving!
------------------------------------------
wt_queuecong = 0.0
wt_avglocalcong = 0.0
wt_maxlocalcong = 0.0
wt_avghyperlocalcong = 0.0
wt_maxhyperlocalcong = 0.0
w_centrality = 0.0
t_horizonrelativetime = 0.0
t_timeofday = 0.0
------------------------------------------
mp_itemoverlap = 0.0
mp_itemoverlappct = 0.0
mp_overlapitemavginv = 0.0
mp_overlapitemavgaltpods = 0.0
m_ordersize = 0.0
m_oneitemflag = 0.0
p_avgdisttostations = 0.0
p_pctusefulitems = 0.0
------------------------------------------
pw_distance = 0.0
pw_xsteps = 0.0
pw_ysteps = 0.0
p_avgdisttostations = 0.0
p_pctusefulitems = 0.0
w_centrality = 0.0
------------------------------------------
pwt_existingcong = 0.0
p_avgdisttostations = 0.0
p_pctusefulitems = 0.0
w_centrality = 0.0
t_horizonrelativetime = 0.0
t_timeofday = 0.0
------------------------------------------
beta_m = 0.0
beta_p = 0.0
beta_w = 0.0
beta_t = 0.0
------------------------------------------
Training mean absolute error = 24.19061241829934
Training mean squared error = 705.7669527700263
Training R_squared = -4.7646806246495546
------------------------------------------
wt_queuecong = 2.219521927939232
wt_avglocalcong = -0.187243603348735
wt_maxlocalcong = 0.0
wt_avghyperlocalcong = 0.0
wt_maxhyperlocalcong = 0.12629021078774025
w_centrality = 0.0
t_horizonrelativetime = 0.0
t_timeofday = 0.0
------------------------------------------
mp_itemoverlap = 1.1024424073317194
mp_itemoverlappct = 0.0
mp_overlapitemavginv = -0.0514914349671382
mp_overlapitemavgaltpods = 0.0
m_ordersize = -0.4140853595026898
m_oneitemflag = 0.0
p_avgdisttostations = 0.002292661904475556
p_pctusefulitems = 0.0
------------------------------------------
pw_distance = 0.0
pw_xsteps = -0.012488931597563714
pw_ysteps = 0.00495075626464082
p_avgdisttostations = 0.0
p_pctusefulitems = 0.0
w_centrality = 0.0
------------------------------------------
pwt_existingcong = 0.0
p_avgdisttostations = 0.0
p_pctusefulitems = 0.11718158871081712
w_centrality = 0.3547058586405247
t_horizonrelativetime = 0.0
t_timeofday = 0.0
------------------------------------------
beta_m = 0.0
beta_p = 0.0
beta_w = -4.9594204357264795
beta_t = 0.35364437128193577
------------------------------------------
Training mean absolute error = 3.926496736994677
Training mean squared error = 24.80100578872659
Training R_squared = 0.7974262226632192
------------------------------------------
wt_queuecong = 2.349138001247409
wt_avglocalcong = -0.19961196143724494
wt_maxlocalcong = 0.0
wt_avghyperlocalcong = 0.0
wt_maxhyperlocalcong = 0.12031501884109397
w_centrality = 0.0
t_horizonrelativetime = 0.0
t_timeofday = 0.0
------------------------------------------
mp_itemoverlap = 1.0970202327041692
mp_itemoverlappct = 0.0
mp_overlapitemavginv = -0.05117394798031429
mp_overlapitemavgaltpods = 0.0
m_ordersize = -0.4092599545954159
m_oneitemflag = 0.0
p_avgdisttostations = 0.012019161358203766
p_pctusefulitems = 0.0
------------------------------------------
pw_distance = 0.0
pw_xsteps = -0.015043304422624212
pw_ysteps = -0.002708652088535096
p_avgdisttostations = 0.0
p_pctusefulitems = 0.0
w_centrality = 0.0
------------------------------------------
pwt_existingcong = 0.0
p_avgdisttostations = 0.0
p_pctusefulitems = 2.472724652284708
w_centrality = 0.42837417627177876
t_horizonrelativetime = 0.0
t_timeofday = 0.0
------------------------------------------
beta_m = 0.0
beta_p = 0.0
beta_w = -3.6584104556252397
beta_t = 0.368229145893958
beta_0 = -61.28211809300371
------------------------------------------
Training mean absolute error = 3.9077807409078025
Training mean squared error = 24.537301830777288
Training R_squared = 0.7995801476820477
-------------------------------------------------------------------------------------
TEST
-------------------------------------------------------------------------------------
Full ML model saved
