
-------------------------------------------------------------------------------------
features_wh1_pass0_instance100_run199.jld2
Instance 1199 has no congestion
features_wh1_pass0_instance100_run200.jld2
Instance 1200 has no congestion
features_wh1_pass0_instance10_run19.jld2
Instance 1019 has no congestion
features_wh1_pass0_instance10_run20.jld2
Instance 1020 has no congestion
features_wh1_pass0_instance11_run21.jld2
Instance 1021 has no congestion
features_wh1_pass0_instance11_run22.jld2
Instance 1022 has no congestion
features_wh1_pass0_instance12_run23.jld2
Instance 1023 has no congestion
features_wh1_pass0_instance12_run24.jld2
Instance 1024 has no congestion
features_wh1_pass0_instance13_run25.jld2
Instance 1025 has no congestion
features_wh1_pass0_instance13_run26.jld2
Instance 1026 has no congestion
features_wh1_pass0_instance14_run27.jld2
Instance 1027 has no congestion
features_wh1_pass0_instance14_run28.jld2
Instance 1028 has no congestion
features_wh1_pass0_instance15_run29.jld2
Instance 1029 has no congestion
features_wh1_pass0_instance15_run30.jld2
Instance 1030 has no congestion
features_wh1_pass0_instance16_run31.jld2
Instance 1031 has no congestion
features_wh1_pass0_instance16_run32.jld2
Instance 1032 has no congestion
features_wh1_pass0_instance17_run33.jld2
Instance 1033 has no congestion
features_wh1_pass0_instance17_run34.jld2
Instance 1034 has no congestion
features_wh1_pass0_instance18_run35.jld2
Instance 1035 has no congestion
features_wh1_pass0_instance18_run36.jld2
Instance 1036 has no congestion
features_wh1_pass0_instance19_run37.jld2
Instance 1037 has no congestion
features_wh1_pass0_instance19_run38.jld2
Instance 1038 has no congestion
features_wh1_pass0_instance1_run1.jld2
Instance 1001 has no congestion
features_wh1_pass0_instance1_run2.jld2
Instance 1002 has no congestion
features_wh1_pass0_instance20_run39.jld2
Instance 1039 has no congestion
features_wh1_pass0_instance20_run40.jld2
Instance 1040 has no congestion
features_wh1_pass0_instance21_run41.jld2
Instance 1041 has no congestion
features_wh1_pass0_instance21_run42.jld2
Instance 1042 has no congestion
features_wh1_pass0_instance22_run43.jld2
Instance 1043 has no congestion
features_wh1_pass0_instance22_run44.jld2
Instance 1044 has no congestion
features_wh1_pass0_instance23_run45.jld2
Instance 1045 has no congestion
features_wh1_pass0_instance23_run46.jld2
Instance 1046 has no congestion
features_wh1_pass0_instance24_run47.jld2
Instance 1047 has no congestion
features_wh1_pass0_instance24_run48.jld2
Instance 1048 has no congestion
features_wh1_pass0_instance25_run49.jld2
Instance 1049 has no congestion
features_wh1_pass0_instance25_run50.jld2
Instance 1050 has no congestion
features_wh1_pass0_instance26_run51.jld2
Instance 1051 has no congestion
features_wh1_pass0_instance26_run52.jld2
Instance 1052 has no congestion
features_wh1_pass0_instance27_run53.jld2
Instance 1053 has no congestion
features_wh1_pass0_instance27_run54.jld2
Instance 1054 has no congestion
features_wh1_pass0_instance28_run55.jld2
Instance 1055 has no congestion
features_wh1_pass0_instance28_run56.jld2
Instance 1056 has no congestion
features_wh1_pass0_instance29_run57.jld2
Instance 1057 has no congestion
features_wh1_pass0_instance29_run58.jld2
Instance 1058 has no congestion
features_wh1_pass0_instance2_run3.jld2
Instance 1003 has no congestion
features_wh1_pass0_instance2_run4.jld2
Instance 1004 has no congestion
features_wh1_pass0_instance30_run59.jld2
Instance 1059 has no congestion
features_wh1_pass0_instance30_run60.jld2
Instance 1060 has no congestion
features_wh1_pass0_instance31_run61.jld2
Instance 1061 has no congestion
features_wh1_pass0_instance31_run62.jld2
Instance 1062 has no congestion
features_wh1_pass0_instance32_run63.jld2
Instance 1063 has no congestion
features_wh1_pass0_instance32_run64.jld2
Instance 1064 has no congestion
features_wh1_pass0_instance33_run65.jld2
Instance 1065 has no congestion
features_wh1_pass0_instance33_run66.jld2
Instance 1066 has no congestion
features_wh1_pass0_instance34_run67.jld2
Instance 1067 has no congestion
features_wh1_pass0_instance34_run68.jld2
Instance 1068 has no congestion
features_wh1_pass0_instance35_run69.jld2
Instance 1069 has no congestion
features_wh1_pass0_instance35_run70.jld2
Instance 1070 has no congestion
features_wh1_pass0_instance36_run71.jld2
Instance 1071 has no congestion
features_wh1_pass0_instance36_run72.jld2
Instance 1072 has no congestion
features_wh1_pass0_instance37_run73.jld2
Instance 1073 has no congestion
features_wh1_pass0_instance37_run74.jld2
Instance 1074 has no congestion
features_wh1_pass0_instance38_run75.jld2
Instance 1075 has no congestion
features_wh1_pass0_instance38_run76.jld2
Instance 1076 has no congestion
features_wh1_pass0_instance39_run77.jld2
Instance 1077 has no congestion
features_wh1_pass0_instance39_run78.jld2
Instance 1078 has no congestion
features_wh1_pass0_instance3_run5.jld2
Instance 1005 has no congestion
features_wh1_pass0_instance3_run6.jld2
Instance 1006 has no congestion
features_wh1_pass0_instance40_run79.jld2
Instance 1079 has no congestion
features_wh1_pass0_instance40_run80.jld2
Instance 1080 has no congestion
features_wh1_pass0_instance41_run81.jld2
Instance 1081 has no congestion
features_wh1_pass0_instance41_run82.jld2
Instance 1082 has no congestion
features_wh1_pass0_instance42_run83.jld2
Instance 1083 has no congestion
features_wh1_pass0_instance42_run84.jld2
Instance 1084 has no congestion
features_wh1_pass0_instance43_run85.jld2
Instance 1085 has no congestion
features_wh1_pass0_instance43_run86.jld2
Instance 1086 has no congestion
features_wh1_pass0_instance44_run87.jld2
Instance 1087 has no congestion
features_wh1_pass0_instance44_run88.jld2
Instance 1088 has no congestion
features_wh1_pass0_instance45_run89.jld2
Instance 1089 has no congestion
features_wh1_pass0_instance45_run90.jld2
Instance 1090 has no congestion
features_wh1_pass0_instance46_run91.jld2
Instance 1091 has no congestion
features_wh1_pass0_instance46_run92.jld2
Instance 1092 has no congestion
features_wh1_pass0_instance47_run93.jld2
Instance 1093 has no congestion
features_wh1_pass0_instance47_run94.jld2
Instance 1094 has no congestion
features_wh1_pass0_instance48_run95.jld2
Instance 1095 has no congestion
features_wh1_pass0_instance48_run96.jld2
Instance 1096 has no congestion
features_wh1_pass0_instance49_run97.jld2
Instance 1097 has no congestion
features_wh1_pass0_instance49_run98.jld2
Instance 1098 has no congestion
features_wh1_pass0_instance4_run7.jld2
Instance 1007 has no congestion
features_wh1_pass0_instance4_run8.jld2
Instance 1008 has no congestion
features_wh1_pass0_instance50_run100.jld2
Instance 1100 has no congestion
features_wh1_pass0_instance50_run99.jld2
Instance 1099 has no congestion
features_wh1_pass0_instance51_run101.jld2
Instance 1101 has no congestion
features_wh1_pass0_instance51_run102.jld2
Instance 1102 has no congestion
features_wh1_pass0_instance52_run103.jld2
Instance 1103 has no congestion
features_wh1_pass0_instance52_run104.jld2
Instance 1104 has no congestion
features_wh1_pass0_instance53_run105.jld2
Instance 1105 has no congestion
features_wh1_pass0_instance53_run106.jld2
Instance 1106 has no congestion
features_wh1_pass0_instance54_run107.jld2
Instance 1107 has no congestion
features_wh1_pass0_instance54_run108.jld2
Instance 1108 has no congestion
features_wh1_pass0_instance55_run109.jld2
Instance 1109 has no congestion
features_wh1_pass0_instance55_run110.jld2
Instance 1110 has no congestion
features_wh1_pass0_instance56_run111.jld2
Instance 1111 has no congestion
features_wh1_pass0_instance56_run112.jld2
Instance 1112 has no congestion
features_wh1_pass0_instance57_run113.jld2
Instance 1113 has no congestion
features_wh1_pass0_instance57_run114.jld2
Instance 1114 has no congestion
features_wh1_pass0_instance58_run115.jld2
Instance 1115 has no congestion
features_wh1_pass0_instance58_run116.jld2
Instance 1116 has no congestion
features_wh1_pass0_instance59_run117.jld2
Instance 1117 has no congestion
features_wh1_pass0_instance59_run118.jld2
Instance 1118 has no congestion
features_wh1_pass0_instance5_run10.jld2
Instance 1010 has no congestion
features_wh1_pass0_instance5_run9.jld2
Instance 1009 has no congestion
features_wh1_pass0_instance60_run119.jld2
Instance 1119 has no congestion
features_wh1_pass0_instance60_run120.jld2
Instance 1120 has no congestion
features_wh1_pass0_instance61_run121.jld2
Instance 1121 has no congestion
features_wh1_pass0_instance61_run122.jld2
Instance 1122 has no congestion
features_wh1_pass0_instance62_run123.jld2
Instance 1123 has no congestion
features_wh1_pass0_instance62_run124.jld2
Instance 1124 has no congestion
features_wh1_pass0_instance63_run125.jld2
Instance 1125 has no congestion
features_wh1_pass0_instance63_run126.jld2
Instance 1126 has no congestion
features_wh1_pass0_instance64_run127.jld2
Instance 1127 has no congestion
features_wh1_pass0_instance64_run128.jld2
Instance 1128 has no congestion
features_wh1_pass0_instance65_run129.jld2
Instance 1129 has no congestion
features_wh1_pass0_instance65_run130.jld2
Instance 1130 has no congestion
features_wh1_pass0_instance66_run131.jld2
Instance 1131 has no congestion
features_wh1_pass0_instance66_run132.jld2
Instance 1132 has no congestion
features_wh1_pass0_instance67_run133.jld2
Instance 1133 has no congestion
features_wh1_pass0_instance67_run134.jld2
Instance 1134 has no congestion
features_wh1_pass0_instance68_run135.jld2
Instance 1135 has no congestion
features_wh1_pass0_instance68_run136.jld2
Instance 1136 has no congestion
features_wh1_pass0_instance69_run137.jld2
Instance 1137 has no congestion
features_wh1_pass0_instance69_run138.jld2
Instance 1138 has no congestion
features_wh1_pass0_instance6_run11.jld2
Instance 1011 has no congestion
features_wh1_pass0_instance6_run12.jld2
Instance 1012 has no congestion
features_wh1_pass0_instance70_run139.jld2
Instance 1139 has no congestion
features_wh1_pass0_instance70_run140.jld2
Instance 1140 has no congestion
features_wh1_pass0_instance71_run141.jld2
Instance 1141 has no congestion
features_wh1_pass0_instance71_run142.jld2
Instance 1142 has no congestion
features_wh1_pass0_instance72_run143.jld2
Instance 1143 has no congestion
features_wh1_pass0_instance72_run144.jld2
Instance 1144 has no congestion
features_wh1_pass0_instance73_run145.jld2
Instance 1145 has no congestion
features_wh1_pass0_instance73_run146.jld2
Instance 1146 has no congestion
features_wh1_pass0_instance74_run147.jld2
Instance 1147 has no congestion
features_wh1_pass0_instance74_run148.jld2
Instance 1148 has no congestion
features_wh1_pass0_instance75_run149.jld2
Instance 1149 has no congestion
features_wh1_pass0_instance75_run150.jld2
Instance 1150 has no congestion
features_wh1_pass0_instance76_run151.jld2
Instance 1151 has no congestion
features_wh1_pass0_instance76_run152.jld2
Instance 1152 has no congestion
features_wh1_pass0_instance77_run153.jld2
Instance 1153 has no congestion
features_wh1_pass0_instance77_run154.jld2
Instance 1154 has no congestion
features_wh1_pass0_instance78_run155.jld2
Instance 1155 has no congestion
features_wh1_pass0_instance78_run156.jld2
Instance 1156 has no congestion
features_wh1_pass0_instance79_run157.jld2
Instance 1157 has no congestion
features_wh1_pass0_instance79_run158.jld2
Instance 1158 has no congestion
features_wh1_pass0_instance7_run13.jld2
Instance 1013 has no congestion
features_wh1_pass0_instance7_run14.jld2
Instance 1014 has no congestion
features_wh1_pass0_instance80_run159.jld2
Instance 1159 has no congestion
features_wh1_pass0_instance80_run160.jld2
Instance 1160 has no congestion
features_wh1_pass0_instance81_run161.jld2
Instance 1161 has no congestion
features_wh1_pass0_instance81_run162.jld2
Instance 1162 has no congestion
features_wh1_pass0_instance82_run163.jld2
Instance 1163 has no congestion
features_wh1_pass0_instance82_run164.jld2
Instance 1164 has no congestion
features_wh1_pass0_instance83_run165.jld2
Instance 1165 has no congestion
features_wh1_pass0_instance83_run166.jld2
Instance 1166 has no congestion
features_wh1_pass0_instance84_run167.jld2
Instance 1167 has no congestion
features_wh1_pass0_instance84_run168.jld2
Instance 1168 has no congestion
features_wh1_pass0_instance85_run169.jld2
Instance 1169 has no congestion
features_wh1_pass0_instance85_run170.jld2
Instance 1170 has no congestion
features_wh1_pass0_instance86_run171.jld2
Instance 1171 has no congestion
features_wh1_pass0_instance86_run172.jld2
Instance 1172 has no congestion
features_wh1_pass0_instance87_run173.jld2
Instance 1173 has no congestion
features_wh1_pass0_instance87_run174.jld2
Instance 1174 has no congestion
features_wh1_pass0_instance88_run175.jld2
Instance 1175 has no congestion
features_wh1_pass0_instance88_run176.jld2
Instance 1176 has no congestion
features_wh1_pass0_instance89_run177.jld2
Instance 1177 has no congestion
features_wh1_pass0_instance89_run178.jld2
Instance 1178 has no congestion
features_wh1_pass0_instance8_run15.jld2
Instance 1015 has no congestion
features_wh1_pass0_instance8_run16.jld2
Instance 1016 has no congestion
features_wh1_pass0_instance90_run179.jld2
Instance 1179 has no congestion
features_wh1_pass0_instance90_run180.jld2
Instance 1180 has no congestion
features_wh1_pass0_instance91_run181.jld2
Instance 1181 has no congestion
features_wh1_pass0_instance91_run182.jld2
Instance 1182 has no congestion
features_wh1_pass0_instance92_run183.jld2
Instance 1183 has no congestion
features_wh1_pass0_instance92_run184.jld2
Instance 1184 has no congestion
features_wh1_pass0_instance93_run185.jld2
Instance 1185 has no congestion
features_wh1_pass0_instance93_run186.jld2
Instance 1186 has no congestion
features_wh1_pass0_instance94_run187.jld2
Instance 1187 has no congestion
features_wh1_pass0_instance94_run188.jld2
Instance 1188 has no congestion
features_wh1_pass0_instance95_run189.jld2
Instance 1189 has no congestion
features_wh1_pass0_instance95_run190.jld2
Instance 1190 has no congestion
features_wh1_pass0_instance96_run191.jld2
Instance 1191 has no congestion
features_wh1_pass0_instance96_run192.jld2
Instance 1192 has no congestion
features_wh1_pass0_instance97_run193.jld2
Instance 1193 has no congestion
features_wh1_pass0_instance97_run194.jld2
Instance 1194 has no congestion
features_wh1_pass0_instance98_run195.jld2
Instance 1195 has no congestion
features_wh1_pass0_instance98_run196.jld2
Instance 1196 has no congestion
features_wh1_pass0_instance99_run197.jld2
Instance 1197 has no congestion
features_wh1_pass0_instance99_run198.jld2
Instance 1198 has no congestion
features_wh1_pass0_instance9_run17.jld2
Instance 1017 has no congestion
features_wh1_pass0_instance9_run18.jld2
Instance 1018 has no congestion
Set parameter Username
Academic license - for non-commercial use only - expires 2025-02-21
Set parameter TimeLimit to value 3600
Set parameter IntegralityFocus to value 1
Set parameter IntegralityFocus to value 1
Set parameter TimeLimit to value 3600
Gurobi Optimizer version 10.0.2 build v10.0.2rc0 (win64)

CPU model: Intel(R) Core(TM) i7-10750H CPU @ 2.60GHz, instruction set [SSE2|AVX|AVX2]
Thread count: 6 physical cores, 12 logical processors, using up to 12 threads

Optimize a model with 117813 rows, 80061 columns and 1203341 nonzeros
Model fingerprint: 0x9c9042e8
Variable types: 80032 continuous, 29 integer (29 binary)
Coefficient statistics:
  Matrix range     [2e-01, 1e+04]
  Objective range  [1e+00, 1e+00]
  Bounds range     [0e+00, 0e+00]
  RHS range        [1e+00, 5e+01]
Found heuristic solution: objective 785105.00002
Found heuristic solution: objective 785105.00002
Presolve removed 80072 rows and 42318 columns
Presolve time: 2.84s
Presolved: 37741 rows, 37743 columns, 603552 nonzeros
Variable types: 37738 continuous, 5 integer (5 binary)

Deterministic concurrent LP optimizer: primal simplex, dual simplex, and barrier
Showing barrier log only...

Root barrier log...

Ordering time: 0.03s

Barrier statistics:
 Dense cols : 15
 Free vars  : 2
 AA' NZ     : 5.658e+05
 Factor NZ  : 6.037e+05 (roughly 40 MB of memory)
 Factor Ops : 9.658e+06 (less than 1 second per iteration)
 Threads    : 4

                  Objective                Residual
Iter       Primal          Dual         Primal    Dual     Compl     Time
   0   5.17468770e+10 -1.03793089e+10  1.78e+03 3.70e-08  2.12e+07     4s
   1   1.55085347e+10 -1.17940667e+08  1.21e+01 4.02e-01  2.49e+05     4s
   2   1.16470162e+09 -1.24534395e+07  8.53e-03 2.04e-02  1.58e+04     4s
   3   2.21399470e+07 -4.70487679e+06  0.00e+00 1.64e-05  3.56e+02     5s
   4   8.23886051e+05 -2.20178401e+04  0.00e+00 4.91e-07  1.12e+01     5s
   5   3.71033781e+05  6.75462668e+03  0.00e+00 7.77e-07  4.82e+00     5s
   6   2.56152826e+05  2.47380461e+04  0.00e+00 9.27e-07  3.06e+00     5s
   7   1.91735269e+05  5.47128161e+04  0.00e+00 1.81e-06  1.81e+00     5s
   8   1.55196033e+05  9.61010095e+04  0.00e+00 1.58e-06  7.83e-01     5s
   9   1.46580956e+05  1.08687710e+05  0.00e+00 1.26e-06  5.02e-01     5s
  10   1.41817550e+05  1.19080492e+05  0.00e+00 1.14e-06  3.01e-01     5s
  11   1.39941832e+05  1.29257447e+05  0.00e+00 4.23e-06  1.42e-01     5s
  12   1.39042198e+05  1.34271904e+05  0.00e+00 1.70e-06  6.32e-02     5s
  13   1.38525869e+05  1.35237137e+05  0.00e+00 1.26e-06  4.36e-02     5s
  14   1.38207791e+05  1.35985677e+05  0.00e+00 8.61e-07  2.94e-02     5s
  15   1.37997387e+05  1.36556635e+05  0.00e+00 6.01e-07  1.91e-02     5s
  16   1.37926512e+05  1.36957620e+05  0.00e+00 4.28e-07  1.28e-02     5s
  17   1.37886901e+05  1.37572719e+05  0.00e+00 1.16e-07  4.16e-03     5s
  18   1.37883732e+05  1.37607647e+05  0.00e+00 7.85e-06  3.61e-03     5s
  19   1.37862757e+05  1.37704710e+05  0.00e+00 4.54e-06  2.07e-03     5s
  20   1.37853636e+05  1.37748580e+05  0.00e+00 3.13e-06  1.37e-03     5s
  21   1.37849190e+05  1.37795785e+05  0.00e+00 1.56e-06  6.99e-04     5s
  22   1.37846739e+05  1.37809453e+05  0.00e+00 2.27e-06  5.02e-04     5s
  23   1.37844698e+05  1.37832236e+05  0.00e+00 5.39e-06  1.56e-04     5s
  24   1.37843938e+05  1.37843179e+05  0.00e+00 3.72e-07  8.67e-06     5s
  25   1.37843884e+05  1.37843862e+05  0.00e+00 1.06e-07  1.50e-07     5s
  26   1.37843880e+05  1.37843877e+05  2.32e-10 2.79e-08  1.87e-10     5s

Barrier solved model in 26 iterations and 5.46 seconds (2.31 work units)
Optimal objective 1.37843880e+05


Root crossover log...

     165 DPushes remaining with DInf 0.0000000e+00                 6s
       0 DPushes remaining with DInf 0.0000000e+00                 6s

       7 PPushes remaining with PInf 0.0000000e+00                 6s
       0 PPushes remaining with PInf 0.0000000e+00                 6s

  Push phase complete: Pinf 0.0000000e+00, Dinf 3.8276468e-08      6s


Root simplex log...

Iteration    Objective       Primal Inf.    Dual Inf.      Time
     161    1.3784388e+05   0.000000e+00   0.000000e+00      6s
     161    1.3784388e+05   0.000000e+00   0.000000e+00      6s
Concurrent spin time: 0.14s

Solved with barrier

Root relaxation: objective 1.378439e+05, 161 iterations, 2.32 seconds (1.34 work units)

    Nodes    |    Current Node    |     Objective Bounds      |     Work
 Expl Unexpl |  Obj  Depth IntInf | Incumbent    BestBd   Gap | It/Node Time

     0     0 137843.880    0    3 785105.000 137843.880  82.4%     -    5s
     0     0 137843.880    0    3 785105.000 137843.880  82.4%     -    6s
     0     2 137843.880    0    3 785105.000 137843.880  82.4%     -    6s
     3     8 138010.468    2    1 785105.000 137843.880  82.4%   234   16s
     7    14 138808.086    3    1 785105.000 138010.468  82.4%  2652   40s
    13    16 202431.780    4    1 785105.000 138808.086  82.3%  4513   71s
   157    16 139134.721   27    1 785105.000 139134.721  82.3%   747   75s
  3523    16 139134.721  588    1 785105.000 139134.721  82.3%  33.3   80s
  7093    16 139134.721 1183    1 785105.000 139134.721  82.3%  16.5   85s
 11539    16 139134.721 1924    1 785105.000 139134.721  82.3%  10.2   90s
 13118    17 199849.885    4    3 785105.000 139134.721  82.3%   8.9  110s
 13125    27 139134.721   13    2 785105.000 139134.721  82.3%   0.2  118s
 13129    31 139134.721   14    1 785105.000 139134.721  82.3%   1.0  146s
*13135    25              15    139134.72114 139134.721  0.00%   5.4  149s

Explored 13141 nodes (193460 simplex iterations) in 150.69 seconds (657.62 work units)
Thread count was 12 (of 12 available processors)

Solution count 2: 139135 785105

Optimal solution found (tolerance 1.00e-04)
Best objective 1.391347211388e+05, best bound 1.391347211116e+05, gap 0.0000%

User-callback calls 30354, time in user-callback 0.04 sec
------------------------------------------
wt_queuecong = 0.0
wt_avglocalcong = 0.0
wt_maxlocalcong = 0.0
wt_avghyperlocalcong = 0.0
wt_maxhyperlocalcong = 0.0
w_centrality = 0.0
t_horizonrelativetime = 0.0
t_timeofday = 0.0
------------------------------------------
mp_itemoverlap = 0.9751689616752331
mp_itemoverlappct = 0.0
mp_overlapitemavginv = -0.04374532257507538
mp_overlapitemavgaltpods = 0.0
m_ordersize = -0.352132217081238
m_oneitemflag = 0.0
p_avgdisttostations = 0.006868905943192472
p_pctusefulitems = 0.0
------------------------------------------
pw_distance = 0.0
pw_xsteps = -0.007924018330600186
pw_ysteps = 0.0037127916899086745
p_avgdisttostations = 0.0
p_pctusefulitems = 0.0
w_centrality = 0.0
------------------------------------------
pwt_existingcong = 0.0
p_avgdisttostations = 0.0
p_pctusefulitems = -0.13396035093506714
w_centrality = 0.22634139454902558
t_horizonrelativetime = 0.0
t_timeofday = 0.0
------------------------------------------
beta_m = 0.0
beta_p = 0.0
beta_w = -2.3699800931933357
beta_t = 0.52368516443758
------------------------------------------
Training mean absolute error = 3.6874462296928043
Training mean squared error = 21.6594906821178
Training R_squared = 0.6931906849712293
Set parameter Username
Academic license - for non-commercial use only - expires 2025-02-21
Set parameter TimeLimit to value 3600
Set parameter IntegralityFocus to value 1
Set parameter IntegralityFocus to value 1
Set parameter TimeLimit to value 3600
Gurobi Optimizer version 10.0.2 build v10.0.2rc0 (win64)

CPU model: Intel(R) Core(TM) i7-10750H CPU @ 2.60GHz, instruction set [SSE2|AVX|AVX2]
Thread count: 6 physical cores, 12 logical processors, using up to 12 threads

Optimize a model with 117808 rows, 80061 columns and 1203336 nonzeros
Model fingerprint: 0xfdbd1480
Variable types: 80032 continuous, 29 integer (29 binary)
Coefficient statistics:
  Matrix range     [2e-01, 1e+04]
  Objective range  [1e+00, 1e+00]
  Bounds range     [0e+00, 0e+00]
  RHS range        [1e+00, 5e+01]
Found heuristic solution: objective 785105.00002
Found heuristic solution: objective 785105.00002
Presolve removed 80051 rows and 42306 columns
Presolve time: 2.68s
Presolved: 37757 rows, 37755 columns, 647953 nonzeros
Variable types: 37748 continuous, 7 integer (7 binary)

Deterministic concurrent LP optimizer: primal simplex, dual simplex, and barrier
Showing barrier log only...

Root barrier log...

Ordering time: 0.04s

Barrier statistics:
 Dense cols : 20
 Free vars  : 2
 AA' NZ     : 6.102e+05
 Factor NZ  : 6.482e+05 (roughly 40 MB of memory)
 Factor Ops : 1.130e+07 (less than 1 second per iteration)
 Threads    : 4

                  Objective                Residual
Iter       Primal          Dual         Primal    Dual     Compl     Time
   0   5.59997040e+10 -1.06373583e+10  1.84e+03 3.70e-08  2.19e+07     4s
   1   1.59529808e+10 -1.71544114e+08  1.44e-01 4.28e-01  2.60e+05     4s
   2   8.64425350e+08 -2.07706925e+07  0.00e+00 2.72e-02  1.19e+04     4s
   3   6.99844751e+07 -2.67272193e+06  0.00e+00 7.50e-04  9.63e+02     4s
   4   7.43286227e+05 -4.94579592e+03  0.00e+00 8.35e-08  9.91e+00     4s
   5   3.24129299e+05  4.76637619e+04  0.00e+00 2.18e-05  3.66e+00     4s
   6   1.72860638e+05  5.23629741e+04  0.00e+00 1.98e-05  1.60e+00     4s
   7   1.47074492e+05  1.15706422e+05  0.00e+00 6.23e-06  4.15e-01     4s
   8   1.39853035e+05  1.30996811e+05  0.00e+00 1.60e-06  1.17e-01     4s
   9   1.38440942e+05  1.34064233e+05  0.00e+00 8.42e-07  5.79e-02     4s
  10   1.37930358e+05  1.36274347e+05  0.00e+00 2.51e-07  2.19e-02     4s
  11   1.37608729e+05  1.36881404e+05  0.00e+00 9.55e-08  9.63e-03     4s
  12   1.37469439e+05  1.37098628e+05  0.00e+00 1.89e-05  4.89e-03     4s
  13   1.37411612e+05  1.37229428e+05  0.00e+00 9.84e-06  2.40e-03     4s
  14   1.37406010e+05  1.37262759e+05  0.00e+00 1.01e-05  1.87e-03     4s
  15   1.37388657e+05  1.37338259e+05  0.00e+00 3.39e-06  6.58e-04     4s
  16   1.37378810e+05  1.37357551e+05  0.00e+00 4.32e-06  2.60e-04     4s
  17   1.37376284e+05  1.37370179e+05  0.00e+00 1.36e-06  7.39e-05     4s
  18   1.37375985e+05  1.37326941e+05  0.00e+00 1.55e-04  3.16e-05     4s
  19   1.37375858e+05  1.37358186e+05  0.00e+00 5.63e-05  1.13e-05     4s
  20   1.37375851e+05  1.37475290e+05  0.00e+00 2.64e-04  2.69e-06     5s
  21   1.37375834e+05  1.37385437e+05  3.97e-10 2.55e-05  2.46e-07     5s
  22   1.37375834e+05  1.37375715e+05  2.33e-10 3.37e-07  4.08e-11     5s

Barrier solved model in 22 iterations and 4.62 seconds (2.31 work units)
Optimal objective 1.37375834e+05

Concurrent spin time: 0.12s

Solved with barrier

Root relaxation: objective 1.373758e+05, 61 iterations, 1.71 seconds (1.15 work units)

    Nodes    |    Current Node    |     Objective Bounds      |     Work
 Expl Unexpl |  Obj  Depth IntInf | Incumbent    BestBd   Gap | It/Node Time

     0     0 137375.834    0    4 785105.000 137375.834  82.5%     -    4s
     0     0 137375.834    0    4 785105.000 137375.834  82.5%     -    4s
     0     2 137375.834    0    4 785105.000 137375.834  82.5%     -    5s
     3     8 137560.896    2    1 785105.000 137375.975  82.5%   756   16s
     7    14 137579.162    3    1 785105.000 137532.796  82.5%  1702   33s
    13    20 137583.197    4    2 785105.000 137533.012  82.5%  1711   40s
    19    26 137614.012    4    2 785105.000 137565.808  82.5%  1652   50s
    25    32 188137.789    5    1 785105.000 137566.750  82.5%  2518   85s
*   38    37               6    139500.13122 137582.516  1.37%  3222  111s
*   44    33               6    138612.84299 137614.012  0.72%  3567  116s
    64    14     cutoff    5      138612.843 137614.079  0.72%  2613  123s
    74     5     cutoff    6      138612.843 137755.440  0.62%  2323  125s

Explored 83 nodes (174641 simplex iterations) in 126.77 seconds (779.64 work units)
Thread count was 12 (of 12 available processors)

Solution count 3: 138613 139500 785105

Optimal solution found (tolerance 1.00e-04)
Best objective 1.386128429914e+05, best bound 1.386128429914e+05, gap 0.0000%

User-callback calls 4346, time in user-callback 0.03 sec
------------------------------------------
wt_queuecong = 1.8553670785131737
wt_avglocalcong = 0.0
wt_maxlocalcong = -0.1051692046061625
wt_avghyperlocalcong = 0.02993357852517782
wt_maxhyperlocalcong = 0.0
w_centrality = 0.0
t_horizonrelativetime = 0.0
t_timeofday = 0.0
------------------------------------------
mp_itemoverlap = 0.9501814281457308
mp_itemoverlappct = 0.0
mp_overlapitemavginv = -0.04229509842623754
mp_overlapitemavgaltpods = 0.0
m_ordersize = -0.35058939283137835
m_oneitemflag = 0.0
p_avgdisttostations = 0.007078705184865633
p_pctusefulitems = 0.0
------------------------------------------
pw_distance = 0.0
pw_xsteps = -0.007711867903686113
pw_ysteps = 0.00267716679567425
p_avgdisttostations = 0.0
p_pctusefulitems = 0.0
w_centrality = 0.0
------------------------------------------
pwt_existingcong = 0.0
p_avgdisttostations = 0.0
p_pctusefulitems = -0.1358477189624567
w_centrality = 0.18433809659510644
t_horizonrelativetime = 0.0
t_timeofday = 0.0
------------------------------------------
beta_m = 0.0
beta_p = 0.0
beta_w = -1.1121967396718921
beta_t = 0.5364034576419641
------------------------------------------
Training mean absolute error = 3.6736150480058654
Training mean squared error = 21.491285277901476
Training R_squared = 0.695573334942512
Set parameter Username
Academic license - for non-commercial use only - expires 2025-02-21
Set parameter TimeLimit to value 3600
Set parameter IntegralityFocus to value 1
Set parameter IntegralityFocus to value 1
Set parameter TimeLimit to value 3600
Gurobi Optimizer version 10.0.2 build v10.0.2rc0 (win64)

CPU model: Intel(R) Core(TM) i7-10750H CPU @ 2.60GHz, instruction set [SSE2|AVX|AVX2]
Thread count: 6 physical cores, 12 logical processors, using up to 12 threads

Optimize a model with 117808 rows, 80062 columns and 1243336 nonzeros
Model fingerprint: 0x38cb5af4
Variable types: 80033 continuous, 29 integer (29 binary)
Coefficient statistics:
  Matrix range     [2e-01, 1e+04]
  Objective range  [1e+00, 1e+00]
  Bounds range     [1e+04, 1e+04]
  RHS range        [1e+00, 5e+01]
Presolve removed 80051 rows and 42306 columns
Presolve time: 3.71s
Presolved: 37757 rows, 37756 columns, 685680 nonzeros
Variable types: 37749 continuous, 7 integer (7 binary)

Deterministic concurrent LP optimizer: primal simplex, dual simplex, and barrier
Showing barrier log only...

Root barrier log...

Ordering time: 0.04s

Barrier statistics:
 Dense cols : 21
 Free vars  : 2
 AA' NZ     : 6.480e+05
 Factor NZ  : 6.860e+05 (roughly 40 MB of memory)
 Factor Ops : 1.263e+07 (less than 1 second per iteration)
 Threads    : 4

                  Objective                Residual
Iter       Primal          Dual         Primal    Dual     Compl     Time
   0   1.44374377e+11 -1.06795588e+10  4.38e+03 3.70e-08  5.31e+07     5s
   1   3.83606112e+10 -3.08523489e+08  9.87e+00 1.21e+01  5.65e+05     5s
   2   2.37682688e+09 -6.53348210e+07  7.95e-02 4.06e-01  3.28e+04     5s
   3   3.94747243e+08 -1.18334352e+07  0.00e+00 1.78e-07  5.40e+03     5s
   4   2.47757733e+07 -4.61036675e+05  0.00e+00 3.13e-07  3.34e+02     5s
   5   1.57751747e+06 -1.79425430e+05  0.00e+00 5.53e-07  2.33e+01     5s
   6   3.56470343e+05  2.91908181e+04  0.00e+00 2.72e-06  4.33e+00     5s
   7   1.71945073e+05  7.97347805e+04  0.00e+00 2.35e-06  1.22e+00     5s
   8   1.45976733e+05  1.20575230e+05  0.00e+00 1.56e-06  3.36e-01     5s
   9   1.40675332e+05  1.29742181e+05  0.00e+00 5.97e-07  1.45e-01     5s
  10   1.39035503e+05  1.34022236e+05  0.00e+00 1.80e-07  6.64e-02     5s
  11   1.37993299e+05  1.35715908e+05  0.00e+00 5.91e-08  3.01e-02     5s
  12   1.37773849e+05  1.36325895e+05  0.00e+00 7.25e-06  1.92e-02     5s
  13   1.37545514e+05  1.36741844e+05  0.00e+00 4.24e-06  1.06e-02     5s
  14   1.37461313e+05  1.36933232e+05  0.00e+00 2.81e-06  7.00e-03     5s
  15   1.37416073e+05  1.37056265e+05  0.00e+00 2.30e-06  4.76e-03     5s
  16   1.37386649e+05  1.37191942e+05  0.00e+00 1.18e-06  2.58e-03     5s
  17   1.37352591e+05  1.37251143e+05  0.00e+00 2.50e-06  1.35e-03     5s
  18   1.37344661e+05  1.37298676e+05  0.00e+00 1.09e-06  6.10e-04     5s
  19   1.37341571e+05  1.37321379e+05  0.00e+00 5.57e-07  2.67e-04     5s
  20   1.37339455e+05  1.37328050e+05  0.00e+00 3.27e-07  1.51e-04     6s
  21   1.37338045e+05  1.37333006e+05  0.00e+00 2.70e-07  6.65e-05     6s
  22   1.37337578e+05  1.37335920e+05  0.00e+00 1.93e-07  2.22e-05     6s
  23   1.37337473e+05  1.37336869e+05  0.00e+00 6.40e-08  8.18e-06     6s
  24   1.37337432e+05  1.37295825e+05  0.00e+00 1.08e-04  3.33e-06     6s
  25   1.37337415e+05  1.37310598e+05  1.54e-11 1.96e-04  1.63e-06     6s
  26   1.37337415e+05  1.37226568e+05  0.00e+00 2.55e-04  1.13e-06     6s
  27   1.37337415e+05  1.37337739e+05  0.00e+00 1.83e-06  5.08e-08     6s
  28   1.37337412e+05  1.37337336e+05  2.32e-10 1.92e-07  5.36e-11     6s

Barrier solved model in 28 iterations and 6.02 seconds (2.72 work units)
Optimal objective 1.37337412e+05


Root crossover log...

      55 DPushes remaining with DInf 0.0000000e+00                 6s
       0 DPushes remaining with DInf 0.0000000e+00                 6s

       9 PPushes remaining with PInf 0.0000000e+00                 6s
       0 PPushes remaining with PInf 0.0000000e+00                 6s

  Push phase complete: Pinf 0.0000000e+00, Dinf 4.1162259e-08      6s


Root simplex log...

Iteration    Objective       Primal Inf.    Dual Inf.      Time
      51    1.3733741e+05   0.000000e+00   0.000000e+00      6s
      51    1.3733741e+05   0.000000e+00   0.000000e+00      6s
Concurrent spin time: 0.01s

Solved with barrier

Root relaxation: objective 1.373374e+05, 51 iterations, 2.40 seconds (1.50 work units)

    Nodes    |    Current Node    |     Objective Bounds      |     Work
 Expl Unexpl |  Obj  Depth IntInf | Incumbent    BestBd   Gap | It/Node Time

     0     0 137337.412    0    3          - 137337.412      -     -    6s
     0     0 137337.412    0    3          - 137337.412      -     -    6s
     0     2 137337.412    0    3          - 137337.412      -     -    6s
     7    14 137403.765    3    1          - 137351.261      -   297   10s
    13    20 147609.558    4    2          - 137351.277      -   668   27s
    19    26 137561.562    4    2          - 137365.020      -  1546   40s
    25    32 187976.337    5    1          - 137375.643      -  2636   73s
    31    38 137691.763    5    1          - 137413.746      -  3710  100s
*   37    36               6    139413.05517 137413.746  1.43%  3840  106s
*   41    36               6    139383.73511 137413.746  1.41%  3647  106s
*   43    31               6    138545.86644 137413.746  0.82%  3606  113s
*   48    31               6    138515.54119 137413.746  0.80%  3408  113s
    50    20     cutoff    6      138515.541 137413.746  0.80%  3322  116s
    75     5     cutoff    5      138515.541 137571.917  0.68%  2317  120s

Explored 84 nodes (178938 simplex iterations) in 123.47 seconds (804.33 work units)
Thread count was 12 (of 12 available processors)

Solution count 4: 138516 138546 139384 139413

Optimal solution found (tolerance 1.00e-04)
Best objective 1.385155411877e+05, best bound 1.385155411877e+05, gap 0.0000%

User-callback calls 3412, time in user-callback 0.01 sec
------------------------------------------
wt_queuecong = 1.8877509782492226
wt_avglocalcong = 0.0
wt_maxlocalcong = -0.10853398092724621
wt_avghyperlocalcong = 0.030797201922042314
wt_maxhyperlocalcong = 0.0
w_centrality = 0.0
t_horizonrelativetime = 0.0
t_timeofday = 0.0
------------------------------------------
mp_itemoverlap = 0.9496647974747845
mp_itemoverlappct = 0.0
mp_overlapitemavginv = -0.042349827344806856
mp_overlapitemavgaltpods = 0.0
m_ordersize = -0.3493828105175059
m_oneitemflag = 0.0
p_avgdisttostations = 0.010993612751230128
p_pctusefulitems = 0.0
------------------------------------------
pw_distance = 0.0
pw_xsteps = -0.008657654163539974
pw_ysteps = 0.0001648422513652947
p_avgdisttostations = 0.0
p_pctusefulitems = 0.0
w_centrality = 0.0
------------------------------------------
pwt_existingcong = 0.0
p_avgdisttostations = 0.0
p_pctusefulitems = 0.8496091320014796
w_centrality = 0.20508781418783828
t_horizonrelativetime = 0.0
t_timeofday = 0.0
------------------------------------------
beta_m = 0.0
beta_p = 0.0
beta_w = -0.5322041623731506
beta_t = 0.5487243152506589
beta_0 = -25.61067665187927
------------------------------------------
Training mean absolute error = 3.671036287176387
Training mean squared error = 21.457118839405087
Training R_squared = 0.6960573066917048
-------------------------------------------------------------------------------------
TEST
-------------------------------------------------------------------------------------
Full ML model saved